#
# There is insufficient memory for the Java Runtime Environment to continue.
# Native memory allocation (mmap) failed to map 117440512 bytes. Error detail: G1 virtual space
# Possible reasons:
#   The system is out of physical RAM or swap space
#   This process is running with CompressedOops enabled, and the Java Heap may be blocking the growth of the native heap
# Possible solutions:
#   Reduce memory load on the system
#   Increase physical memory or swap space
#   Check if swap backing store is full
#   Decrease Java heap size (-Xmx/-Xms)
#   Decrease number of Java threads
#   Decrease Java thread stack sizes (-Xss)
#   Set larger code cache with -XX:ReservedCodeCacheSize=
#   JVM is running with Unscaled Compressed Oops mode in which the Java heap is
#     placed in the first 4GB address space. The Java Heap base address is the
#     maximum limit for the native heap growth. Please use -XX:HeapBaseMinAddress
#     to set the Java Heap base and to place the Java Heap above 4GB virtual address.
# This output file may be truncated or incomplete.
#
#  Out of Memory Error (os_windows.cpp:3631), pid=19728, tid=7868
#
# JRE version:  (22.0.1+8) (build )
# Java VM: Java HotSpot(TM) 64-Bit Server VM (22.0.1+8-16, mixed mode, sharing, tiered, compressed oops, compressed class ptrs, g1 gc, windows-amd64)
# No core dump will be written. Minidumps are not enabled by default on client versions of Windows
#

---------------  S U M M A R Y ------------

Command Line: -Dnet.bytebuddy.agent.attacher.dump= net.bytebuddy.agent.Attacher com.sun.tools.attach.VirtualMachine 19536 C:\Users\huawei\.m2\repository\net\bytebuddy\byte-buddy-agent\1.14.18\byte-buddy-agent-1.14.18.jar false 

Host: AMD Ryzen 5 3500U with Radeon Vega Mobile Gfx  , 8 cores, 6G,  Windows 11 , 64 bit Build 22621 (10.0.22621.3672)
Time: Thu Jul 25 17:43:16 2024 Maroc (heure d64 bit Build 22621 (10.0.22621.3672) elapsed time: 0.022147 seconds (0d 0h 0m 0s)

---------------  T H R E A D  ---------------

Current thread (0x00000261e396f7b0):  JavaThread "Unknown thread" [_thread_in_vm, id=7868, stack(0x000000cb24d00000,0x000000cb24e00000) (1024K)]

Stack: [0x000000cb24d00000,0x000000cb24e00000]
Native frames: (J=compiled Java code, j=interpreted, Vv=VM code, C=native code)
V  [jvm.dll+0x6e2279]  (no source info available)
V  [jvm.dll+0x874e33]  (no source info available)
V  [jvm.dll+0x87725e]  (no source info available)
V  [jvm.dll+0x877933]  (no source info available)
V  [jvm.dll+0x27fd76]  (no source info available)
V  [jvm.dll+0x6de915]  (no source info available)
V  [jvm.dll+0x6d341a]  (no source info available)
V  [jvm.dll+0x3589da]  (no source info available)
V  [jvm.dll+0x360f06]  (no source info available)
V  [jvm.dll+0x3b3e2e]  (no source info available)
V  [jvm.dll+0x3b40d8]  (no source info available)
V  [jvm.dll+0x32c59c]  (no source info available)
V  [jvm.dll+0x32d158]  (no source info available)
V  [jvm.dll+0x83ccdc]  (no source info available)
V  [jvm.dll+0x3c0d71]  (no source info available)
V  [jvm.dll+0x825ccc]  (no source info available)
V  [jvm.dll+0x45b8fe]  (no source info available)
V  [jvm.dll+0x45d781]  (no source info available)
C  [jli.dll+0x52a3]  (no source info available)
C  [ucrtbase.dll+0x29333]  (no source info available)
C  [KERNEL32.DLL+0x1257d]  (no source info available)
C  [ntdll.dll+0x5af28]  (no source info available)


---------------  P R O C E S S  ---------------

Threads class SMR info:
_java_thread_list=0x00007ffd6cf6b1c8, length=0, elements={
}

Java Threads: ( => current thread )
Total: 0

Other Threads:
  0x00000261e39b9700 WorkerThread "GC Thread#0"                     [id=28160, stack(0x000000cb24e00000,0x000000cb24f00000) (1024K)]
  0x00000261e39c84f0 ConcurrentGCThread "G1 Main Marker"            [id=6836, stack(0x000000cb24f00000,0x000000cb25000000) (1024K)]
  0x00000261e39c91b0 WorkerThread "G1 Conc#0"                       [id=12048, stack(0x000000cb25000000,0x000000cb25100000) (1024K)]

[error occurred during error reporting (printing all threads), id 0xc0000005, EXCEPTION_ACCESS_VIOLATION (0xc0000005) at pc=0x00007ffd6c6bf367]
VM state: not at safepoint (not fully initialized)

VM Mutex/Monitor currently owned by a thread:  ([mutex/lock_event])
[0x00007ffd6cfebcb8] Heap_lock - owner thread: 0x00000261e396f7b0

Heap address: 0x0000000091000000, size: 1776 MB, Compressed Oops mode: 32-bit

CDS archive(s) mapped at: [0x0000000000000000-0x0000000000000000-0x0000000000000000), size 0, SharedBaseAddress: 0x0000000800000000, ArchiveRelocationMode: 1.
Narrow klass base: 0x0000000000000000, Narrow klass shift: 0, Narrow klass range: 0x0

GC Precious Log:
 CardTable entry size: 512
 Card Set container configuration: InlinePtr #cards 5 size 8 Array Of Cards #cards 12 size 40 Howl #buckets 4 coarsen threshold 1843 Howl Bitmap #cards 512 size 80 coarsen threshold 460 Card regions per heap region 1 cards per card region 2048

Heap:
 garbage-first heap   total reserved 1818624K, committed 0K, used 0K [0x0000000091000000, 0x0000000100000000)
  region size 1024K, 0 young (0K), 0 survivors (0K)

[error occurred during error reporting (printing heap information), id 0xc0000005, EXCEPTION_ACCESS_VIOLATION (0xc0000005) at pc=0x00007ffd6cabe429]
GC Heap History (0 events):
No events

Dll operation events (1 events):
Event: 0.014 Loaded shared library C:\Program Files\Java\jdk-22\bin\java.dll

Deoptimization events (0 events):
No events

Classes loaded (0 events):
No events

Classes unloaded (0 events):
No events

Classes redefined (0 events):
No events

Internal exceptions (0 events):
No events

ZGC Phase Switch (0 events):
No events

VM Operations (0 events):
No events

Events (0 events):
No events


Dynamic libraries:
0x00007ff6430d0000 - 0x00007ff6430e0000 	C:\Program Files\Java\jdk-22\bin\java.exe
0x00007ffdf3030000 - 0x00007ffdf3247000 	C:\WINDOWS\SYSTEM32\ntdll.dll
0x00007ffdf1820000 - 0x00007ffdf18e4000 	C:\WINDOWS\System32\KERNEL32.DLL
0x00007ffdf0360000 - 0x00007ffdf070d000 	C:\WINDOWS\System32\KERNELBASE.dll
0x00007ffdf0be0000 - 0x00007ffdf0cf1000 	C:\WINDOWS\System32\ucrtbase.dll
0x00007ffdd4a60000 - 0x00007ffdd4a7b000 	C:\Program Files\Java\jdk-22\bin\VCRUNTIME140.dll
0x00007ffdd4a80000 - 0x00007ffdd4a97000 	C:\Program Files\Java\jdk-22\bin\jli.dll
0x00007ffdf1ec0000 - 0x00007ffdf1f72000 	C:\WINDOWS\System32\ADVAPI32.dll
0x00007ffdf11f0000 - 0x00007ffdf1297000 	C:\WINDOWS\System32\msvcrt.dll
0x00007ffdf2000000 - 0x00007ffdf20a9000 	C:\WINDOWS\System32\sechost.dll
0x00007ffdf07d0000 - 0x00007ffdf07f8000 	C:\WINDOWS\System32\bcrypt.dll
0x00007ffdf14f0000 - 0x00007ffdf1604000 	C:\WINDOWS\System32\RPCRT4.dll
0x00007ffdf12b0000 - 0x00007ffdf145e000 	C:\WINDOWS\System32\USER32.dll
0x00007ffdf0a90000 - 0x00007ffdf0ab6000 	C:\WINDOWS\System32\win32u.dll
0x00007ffddb7d0000 - 0x00007ffddba63000 	C:\WINDOWS\WinSxS\amd64_microsoft.windows.common-controls_6595b64144ccf1df_6.0.22621.3672_none_2713b9d173822955\COMCTL32.dll
0x00007ffdf1460000 - 0x00007ffdf1489000 	C:\WINDOWS\System32\GDI32.dll
0x00007ffdf0ac0000 - 0x00007ffdf0bd9000 	C:\WINDOWS\System32\gdi32full.dll
0x00007ffdf0800000 - 0x00007ffdf089a000 	C:\WINDOWS\System32\msvcp_win.dll
0x00007ffde6320000 - 0x00007ffde632a000 	C:\WINDOWS\SYSTEM32\VERSION.dll
0x00007ffdf17e0000 - 0x00007ffdf1811000 	C:\WINDOWS\System32\IMM32.DLL
0x00007ffddc9d0000 - 0x00007ffddc9dc000 	C:\Program Files\Java\jdk-22\bin\vcruntime140_1.dll
0x00007ffdc3970000 - 0x00007ffdc39fe000 	C:\Program Files\Java\jdk-22\bin\msvcp140.dll
0x00007ffd6c380000 - 0x00007ffd6d0c7000 	C:\Program Files\Java\jdk-22\bin\server\jvm.dll
0x00007ffdf1f80000 - 0x00007ffdf1ff1000 	C:\WINDOWS\System32\WS2_32.dll
0x00007ffdf0220000 - 0x00007ffdf026d000 	C:\WINDOWS\SYSTEM32\POWRPROF.dll
0x00007ffdec000000 - 0x00007ffdec034000 	C:\WINDOWS\SYSTEM32\WINMM.dll
0x00007ffdf0200000 - 0x00007ffdf0213000 	C:\WINDOWS\SYSTEM32\UMPDC.dll
0x00007ffdef360000 - 0x00007ffdef378000 	C:\WINDOWS\SYSTEM32\kernel.appcore.dll
0x00007ffddc470000 - 0x00007ffddc47a000 	C:\Program Files\Java\jdk-22\bin\jimage.dll
0x00007ffdeb180000 - 0x00007ffdeb3b2000 	C:\WINDOWS\SYSTEM32\DBGHELP.DLL
0x00007ffdf1aa0000 - 0x00007ffdf1e28000 	C:\WINDOWS\System32\combase.dll
0x00007ffdf26a0000 - 0x00007ffdf2777000 	C:\WINDOWS\System32\OLEAUT32.dll
0x00007ffde8410000 - 0x00007ffde8442000 	C:\WINDOWS\SYSTEM32\dbgcore.DLL
0x00007ffdf08a0000 - 0x00007ffdf091b000 	C:\WINDOWS\System32\bcryptPrimitives.dll
0x00007ffdd4a40000 - 0x00007ffdd4a5e000 	C:\Program Files\Java\jdk-22\bin\java.dll
0x00007ffdf2780000 - 0x00007ffdf2fdf000 	C:\WINDOWS\System32\SHELL32.dll
0x00007ffdf18f0000 - 0x00007ffdf1a95000 	C:\WINDOWS\System32\ole32.dll

dbghelp: loaded successfully - version: 4.0.5 - missing functions: none
symbol engine: initialized successfully - sym options: 0x614 - pdb path: .;C:\Program Files\Java\jdk-22\bin;C:\WINDOWS\SYSTEM32;C:\WINDOWS\WinSxS\amd64_microsoft.windows.common-controls_6595b64144ccf1df_6.0.22621.3672_none_2713b9d173822955;C:\Program Files\Java\jdk-22\bin\server

VM Arguments:
jvm_args: -Dnet.bytebuddy.agent.attacher.dump= 
java_command: net.bytebuddy.agent.Attacher com.sun.tools.attach.VirtualMachine 19536 C:\Users\huawei\.m2\repository\net\bytebuddy\byte-buddy-agent\1.14.18\byte-buddy-agent-1.14.18.jar false 
java_class_path (initial): C:\Users\huawei\.m2\repository\net\bytebuddy\byte-buddy-agent\1.14.18\byte-buddy-agent-1.14.18.jar
Launcher Type: SUN_STANDARD

[Global flags]
     intx CICompilerCount                          = 4                                         {product} {ergonomic}
     uint ConcGCThreads                            = 2                                         {product} {ergonomic}
     uint G1ConcRefinementThreads                  = 8                                         {product} {ergonomic}
   size_t G1HeapRegionSize                         = 1048576                                   {product} {ergonomic}
   size_t InitialHeapSize                          = 117440512                                 {product} {ergonomic}
   size_t MarkStackSize                            = 4194304                                   {product} {ergonomic}
   size_t MaxHeapSize                              = 1862270976                                {product} {ergonomic}
   size_t MinHeapDeltaBytes                        = 1048576                                   {product} {ergonomic}
   size_t MinHeapSize                              = 8388608                                   {product} {ergonomic}
    uintx NonNMethodCodeHeapSize                   = 5839372                                {pd product} {ergonomic}
    uintx NonProfiledCodeHeapSize                  = 122909434                              {pd product} {ergonomic}
    uintx ProfiledCodeHeapSize                     = 122909434                              {pd product} {ergonomic}
    uintx ReservedCodeCacheSize                    = 251658240                              {pd product} {ergonomic}
     bool SegmentedCodeCache                       = true                                      {product} {ergonomic}
   size_t SoftMaxHeapSize                          = 1862270976                             {manageable} {ergonomic}
     bool UseCompressedOops                        = true                           {product lp64_product} {ergonomic}
     bool UseG1GC                                  = true                                      {product} {ergonomic}
     bool UseLargePagesIndividualAllocation        = false                                  {pd product} {ergonomic}

Logging:
Log output configuration:
 #0: stdout all=warning uptime,level,tags foldmultilines=false
 #1: stderr all=off uptime,level,tags foldmultilines=false

Environment Variables:
PATH=C:\Program Files\Common Files\Oracle\Java\javapath;C:\Program Files (x86)\Common Files\Oracle\Java\java8path;C:\Program Files (x86)\Common Files\Oracle\Java\javapath;C:\Program Files\Python312\Scripts\;C:\Program Files\Python312\;C:\Program Files (x86)\VMware\VMware Workstation\bin\;C:\WINDOWS\system32;C:\WINDOWS;C:\WINDOWS\System32\Wbem;C:\WINDOWS\System32\WindowsPowerShell\v1.0\;C:\WINDOWS\System32\OpenSSH\;C:\MinGW\bin;C:\Program Files\Git\cmd;C:\Program Files\MySQL\MySQL Server 8.0\bin;C:\ProgramData\ComposerSetup\bin;C:\Program Files\Docker\Docker\resources\bin;C:\Program Files\nodejs\;C:\Program Files\Java\jdk-22\bin;C:\Program Files\Python312\Scripts;C:\php-8.2.19;C:\Users\huawei\Downloads\apache-maven-3.9.8\bin;C:\Users\huawei\AppData\Local\Programs\Python\Launcher\;C:\Program Files\MySQL\MySQL Shell 8.0\bin\;C:\Users\huawei\AppData\Local\Microsoft\WindowsApps;C:\Users\huawei\AppData\Local\GitHubDesktop\bin;C:\Users\huawei\AppData\Local\Programs\Microsoft VS Code\bin;C:\Users\huawei\AppData\Roaming\Composer\vendor\bin;C:\Users\huawei\AppData\Roaming\npm
USERNAME=huawei
OS=Windows_NT
PROCESSOR_IDENTIFIER=AMD64 Family 23 Model 24 Stepping 1, AuthenticAMD
TMP=C:\Users\huawei\AppData\Local\Temp
TEMP=C:\Users\huawei\AppData\Local\Temp




Periodic native trim disabled

---------------  S Y S T E M  ---------------

OS:
 Windows 11 , 64 bit Build 22621 (10.0.22621.3672)
OS uptime: 12 days 19:39 hours
Hyper-V role detected

CPU: total 8 (initial active 8) (8 cores per cpu, 2 threads per core) family 23 model 24 stepping 1 microcode 0x0, cx8, cmov, fxsr, ht, mmx, 3dnowpref, sse, sse2, sse3, ssse3, sse4a, sse4.1, sse4.2, popcnt, lzcnt, tsc, tscinvbit, avx, avx2, aes, clmul, bmi1, bmi2, adx, sha, fma, vzeroupper, clflush, clflushopt, hv, rdtscp, f16c
Processor Information for all 8 processors :
  Max Mhz: 2100, Current Mhz: 2100, Mhz Limit: 2100

Memory: 4k page, system-wide physical 7103M (322M free)
TotalPageFile size 28607M (AvailPageFile size 73M)
current process WorkingSet (physical memory assigned to process): 12M, peak: 12M
current process commit charge ("private bytes"): 60M, peak: 172M

vm_info: Java HotSpot(TM) 64-Bit Server VM (22.0.1+8-16) for windows-amd64 JRE (22.0.1+8-16), built on 2024-03-12T10:33:16Z by "mach5one" with MS VC++ 17.6 (VS2022)

END.
