#
# There is insufficient memory for the Java Runtime Environment to continue.
# Native memory allocation (malloc) failed to allocate 776656 bytes. Error detail: Chunk::new
# Possible reasons:
#   The system is out of physical RAM or swap space
#   This process is running with CompressedOops enabled, and the Java Heap may be blocking the growth of the native heap
# Possible solutions:
#   Reduce memory load on the system
#   Increase physical memory or swap space
#   Check if swap backing store is full
#   Decrease Java heap size (-Xmx/-Xms)
#   Decrease number of Java threads
#   Decrease Java thread stack sizes (-Xss)
#   Set larger code cache with -XX:ReservedCodeCacheSize=
#   JVM is running with Unscaled Compressed Oops mode in which the Java heap is
#     placed in the first 4GB address space. The Java Heap base address is the
#     maximum limit for the native heap growth. Please use -XX:HeapBaseMinAddress
#     to set the Java Heap base and to place the Java Heap above 4GB virtual address.
# This output file may be truncated or incomplete.
#
#  Out of Memory Error (arena.cpp:150), pid=30068, tid=22576
#
# JRE version: Java(TM) SE Runtime Environment (22.0.1+8) (build 22.0.1+8-16)
# Java VM: Java HotSpot(TM) 64-Bit Server VM (22.0.1+8-16, mixed mode, sharing, tiered, compressed oops, compressed class ptrs, g1 gc, windows-amd64)
# No core dump will be written. Minidumps are not enabled by default on client versions of Windows
#

---------------  S U M M A R Y ------------

Command Line: -ea -Didea.test.cyclic.buffer.size=1048576 -javaagent:C:\Program Files\JetBrains\IntelliJ IDEA Community Edition 2024.1.4\lib\idea_rt.jar=64784:C:\Program Files\JetBrains\IntelliJ IDEA Community Edition 2024.1.4\bin -Dfile.encoding=UTF-8 -Dsun.stdout.encoding=UTF-8 -Dsun.stderr.encoding=UTF-8 com.intellij.rt.junit.JUnitStarter -ideVersion5 -junit5 @w@C:\Users\huawei\AppData\Local\Temp\idea_working_dirs_junit.tmp @C:\Users\huawei\AppData\Local\Temp\idea_junit.tmp -socket64783

Host: AMD Ryzen 5 3500U with Radeon Vega Mobile Gfx  , 8 cores, 6G,  Windows 11 , 64 bit Build 22621 (10.0.22621.3672)
Time: Thu Jul 25 18:44:12 2024 Maroc (heure d64 bit Build 22621 (10.0.22621.3672) elapsed time: 15.814268 seconds (0d 0h 0m 15s)

---------------  T H R E A D  ---------------

Current thread (0x000001c777ebc6a0):  JavaThread "C2 CompilerThread0" daemon [_thread_in_native, id=22576, stack(0x000000b652a00000,0x000000b652b00000) (1024K)]


Current CompileTask:
C2:15814 5532   !   4       org.springframework.core.annotation.AnnotationsScanner::processMethodHierarchy (276 bytes)

Stack: [0x000000b652a00000,0x000000b652b00000]
Native frames: (J=compiled Java code, j=interpreted, Vv=VM code, C=native code)
V  [jvm.dll+0x6e2279]  (no source info available)
V  [jvm.dll+0x874e33]  (no source info available)
V  [jvm.dll+0x87725e]  (no source info available)
V  [jvm.dll+0x877933]  (no source info available)
V  [jvm.dll+0x27fd76]  (no source info available)
V  [jvm.dll+0xc3d0f]  (no source info available)
V  [jvm.dll+0xc3f6b]  (no source info available)
V  [jvm.dll+0x3bb0d2]  (no source info available)
V  [jvm.dll+0x387b6b]  (no source info available)
V  [jvm.dll+0x386fda]  (no source info available)
V  [jvm.dll+0x247918]  (no source info available)
V  [jvm.dll+0x246fbf]  (no source info available)
V  [jvm.dll+0x1c4e90]  (no source info available)
V  [jvm.dll+0x2569fe]  (no source info available)
V  [jvm.dll+0x254cba]  (no source info available)
V  [jvm.dll+0x3f5336]  (no source info available)
V  [jvm.dll+0x81d44b]  (no source info available)
V  [jvm.dll+0x6e0915]  (no source info available)
C  [ucrtbase.dll+0x29333]  (no source info available)
C  [KERNEL32.DLL+0x1257d]  (no source info available)
C  [ntdll.dll+0x5af28]  (no source info available)


---------------  P R O C E S S  ---------------

Threads class SMR info:
_java_thread_list=0x000001c75745d190, length=15, elements={
0x000001c7689109f0, 0x000001c777ea58e0, 0x000001c777ea6800, 0x000001c777ead1f0,
0x000001c777eadc50, 0x000001c777eaee50, 0x000001c777eb0180, 0x000001c777ebc6a0,
0x000001c777eb4e30, 0x000001c7541fb410, 0x000001c7543361e0, 0x000001c754336850,
0x000001c75555c630, 0x000001c755559ed0, 0x000001c75555b280
}

Java Threads: ( => current thread )
  0x000001c7689109f0 JavaThread "main"                              [_thread_in_native, id=4928, stack(0x000000b651c00000,0x000000b651d00000) (1024K)]
  0x000001c777ea58e0 JavaThread "Reference Handler"          daemon [_thread_blocked, id=25432, stack(0x000000b652400000,0x000000b652500000) (1024K)]
  0x000001c777ea6800 JavaThread "Finalizer"                  daemon [_thread_blocked, id=26352, stack(0x000000b652500000,0x000000b652600000) (1024K)]
  0x000001c777ead1f0 JavaThread "Signal Dispatcher"          daemon [_thread_blocked, id=24456, stack(0x000000b652600000,0x000000b652700000) (1024K)]
  0x000001c777eadc50 JavaThread "Attach Listener"            daemon [_thread_blocked, id=7684, stack(0x000000b652700000,0x000000b652800000) (1024K)]
  0x000001c777eaee50 JavaThread "Service Thread"             daemon [_thread_blocked, id=27208, stack(0x000000b652800000,0x000000b652900000) (1024K)]
  0x000001c777eb0180 JavaThread "Monitor Deflation Thread"   daemon [_thread_blocked, id=14876, stack(0x000000b652900000,0x000000b652a00000) (1024K)]
=>0x000001c777ebc6a0 JavaThread "C2 CompilerThread0"         daemon [_thread_in_native, id=22576, stack(0x000000b652a00000,0x000000b652b00000) (1024K)]
  0x000001c777eb4e30 JavaThread "C1 CompilerThread0"         daemon [_thread_blocked, id=5360, stack(0x000000b652b00000,0x000000b652c00000) (1024K)]
  0x000001c7541fb410 JavaThread "Common-Cleaner"             daemon [_thread_blocked, id=16808, stack(0x000000b652c00000,0x000000b652d00000) (1024K)]
  0x000001c7543361e0 JavaThread "Monitor Ctrl-Break"         daemon [_thread_in_native, id=30060, stack(0x000000b652e00000,0x000000b652f00000) (1024K)]
  0x000001c754336850 JavaThread "Notification Thread"        daemon [_thread_blocked, id=21696, stack(0x000000b652f00000,0x000000b653000000) (1024K)]
  0x000001c75555c630 JavaThread "mysql-cj-abandoned-connection-cleanup" daemon [_thread_blocked, id=26984, stack(0x000000b653700000,0x000000b653800000) (1024K)]
  0x000001c755559ed0 JavaThread "HikariPool-1 housekeeper"   daemon [_thread_blocked, id=14584, stack(0x000000b653a00000,0x000000b653b00000) (1024K)]
  0x000001c75555b280 JavaThread "HikariPool-1 connection adder" daemon [_thread_blocked, id=29188, stack(0x000000b653b00000,0x000000b653c00000) (1024K)]
Total: 15

Other Threads:
  0x000001c777e8b010 VMThread "VM Thread"                           [id=26404, stack(0x000000b652300000,0x000000b652400000) (1024K)]
  0x000001c777e73680 WatcherThread "VM Periodic Task Thread"        [id=14168, stack(0x000000b652200000,0x000000b652300000) (1024K)]
  0x000001c768c0e2a0 WorkerThread "GC Thread#0"                     [id=27200, stack(0x000000b651d00000,0x000000b651e00000) (1024K)]
  0x000001c754d67be0 WorkerThread "GC Thread#1"                     [id=19836, stack(0x000000b653000000,0x000000b653100000) (1024K)]
  0x000001c754f2afa0 WorkerThread "GC Thread#2"                     [id=29840, stack(0x000000b653100000,0x000000b653200000) (1024K)]
  0x000001c754de2350 WorkerThread "GC Thread#3"                     [id=22440, stack(0x000000b653200000,0x000000b653300000) (1024K)]
  0x000001c754deb950 WorkerThread "GC Thread#4"                     [id=27892, stack(0x000000b653300000,0x000000b653400000) (1024K)]
  0x000001c754debd00 WorkerThread "GC Thread#5"                     [id=13316, stack(0x000000b653400000,0x000000b653500000) (1024K)]
  0x000001c754dec0b0 WorkerThread "GC Thread#6"                     [id=17344, stack(0x000000b653500000,0x000000b653600000) (1024K)]
  0x000001c754dec460 WorkerThread "GC Thread#7"                     [id=27244, stack(0x000000b653600000,0x000000b653700000) (1024K)]
  0x000001c768c1e250 ConcurrentGCThread "G1 Main Marker"            [id=10228, stack(0x000000b651e00000,0x000000b651f00000) (1024K)]
  0x000001c768c1f500 WorkerThread "G1 Conc#0"                       [id=30188, stack(0x000000b651f00000,0x000000b652000000) (1024K)]
  0x000001c757350000 WorkerThread "G1 Conc#1"                       [id=18888, stack(0x000000b653800000,0x000000b653900000) (1024K)]
  0x000001c768c6e790 ConcurrentGCThread "G1 Refine#0"               [id=5144, stack(0x000000b652000000,0x000000b652100000) (1024K)]
  0x000001c777d4a880 ConcurrentGCThread "G1 Service"                [id=23984, stack(0x000000b652100000,0x000000b652200000) (1024K)]
Total: 15

Threads with active compile tasks:
C2 CompilerThread0  15904 5532   !   4       org.springframework.core.annotation.AnnotationsScanner::processMethodHierarchy (276 bytes)
Total: 1

VM state: not at safepoint (normal execution)

VM Mutex/Monitor currently owned by a thread: None

Heap address: 0x0000000091000000, size: 1776 MB, Compressed Oops mode: 32-bit

CDS archive(s) mapped at: [0x000001c70f000000-0x000001c70fc60000-0x000001c70fc60000), size 12976128, SharedBaseAddress: 0x000001c70f000000, ArchiveRelocationMode: 1.
Compressed class space mapped at: 0x000001c710000000-0x000001c750000000, reserved size: 1073741824
Narrow klass base: 0x000001c70f000000, Narrow klass shift: 0, Narrow klass range: 0x41000000

GC Precious Log:
 CardTable entry size: 512
 Card Set container configuration: InlinePtr #cards 5 size 8 Array Of Cards #cards 12 size 40 Howl #buckets 4 coarsen threshold 1843 Howl Bitmap #cards 512 size 80 coarsen threshold 460 Card regions per heap region 1 cards per card region 2048
 CPUs: 8 total, 8 available
 Memory: 7103M
 Large Page Support: Disabled
 NUMA Support: Disabled
 Compressed Oops: Enabled (32-bit)
 Heap Region Size: 1M
 Heap Min Capacity: 8M
 Heap Initial Capacity: 112M
 Heap Max Capacity: 1776M
 Pre-touch: Disabled
 Parallel Workers: 8
 Concurrent Workers: 2
 Concurrent Refinement Workers: 8
 Periodic GC: Disabled

Heap:
 garbage-first heap   total reserved 1818624K, committed 65536K, used 40359K [0x0000000091000000, 0x0000000100000000)
  region size 1024K, 15 young (15360K), 3 survivors (3072K)
 Metaspace       used 67477K, committed 68096K, reserved 1114112K
  class space    used 9408K, committed 9664K, reserved 1048576K

Heap Regions: E=young(eden), S=young(survivor), O=old, HS=humongous(starts), HC=humongous(continues), CS=collection set, F=free, TAMS=top-at-mark-start, PB=parsable bottom
|   0|0x0000000091000000, 0x0000000091100000, 0x0000000091100000|100%|HS|  |TAMS 0x0000000091000000| PB 0x0000000091000000| Complete |  0
|   1|0x0000000091100000, 0x0000000091200000, 0x0000000091200000|100%| O|  |TAMS 0x0000000091100000| PB 0x0000000091100000| Untracked |  0
|   2|0x0000000091200000, 0x0000000091300000, 0x0000000091300000|100%| O|  |TAMS 0x0000000091200000| PB 0x0000000091200000| Untracked |  0
|   3|0x0000000091300000, 0x0000000091400000, 0x0000000091400000|100%| O|  |TAMS 0x0000000091300000| PB 0x0000000091300000| Untracked |  0
|   4|0x0000000091400000, 0x0000000091500000, 0x0000000091500000|100%| O|  |TAMS 0x0000000091400000| PB 0x0000000091400000| Untracked |  0
|   5|0x0000000091500000, 0x0000000091600000, 0x0000000091600000|100%| O|  |TAMS 0x0000000091500000| PB 0x0000000091500000| Untracked |  0
|   6|0x0000000091600000, 0x0000000091700000, 0x0000000091700000|100%| O|  |TAMS 0x0000000091600000| PB 0x0000000091600000| Untracked |  0
|   7|0x0000000091700000, 0x0000000091800000, 0x0000000091800000|100%| O|  |TAMS 0x0000000091700000| PB 0x0000000091700000| Untracked |  0
|   8|0x0000000091800000, 0x0000000091900000, 0x0000000091900000|100%| O|  |TAMS 0x0000000091800000| PB 0x0000000091800000| Untracked |  0
|   9|0x0000000091900000, 0x0000000091a00000, 0x0000000091a00000|100%| O|  |TAMS 0x0000000091900000| PB 0x0000000091900000| Untracked |  0
|  10|0x0000000091a00000, 0x0000000091b00000, 0x0000000091b00000|100%| O|  |TAMS 0x0000000091a00000| PB 0x0000000091a00000| Untracked |  0
|  11|0x0000000091b00000, 0x0000000091c00000, 0x0000000091c00000|100%| O|  |TAMS 0x0000000091b00000| PB 0x0000000091b00000| Untracked |  0
|  12|0x0000000091c00000, 0x0000000091d00000, 0x0000000091d00000|100%| O|  |TAMS 0x0000000091c00000| PB 0x0000000091c00000| Untracked |  0
|  13|0x0000000091d00000, 0x0000000091e00000, 0x0000000091e00000|100%| O|  |TAMS 0x0000000091d00000| PB 0x0000000091d00000| Untracked |  0
|  14|0x0000000091e00000, 0x0000000091f00000, 0x0000000091f00000|100%| O|  |TAMS 0x0000000091e00000| PB 0x0000000091e00000| Untracked |  0
|  15|0x0000000091f00000, 0x0000000092000000, 0x0000000092000000|100%| O|  |TAMS 0x0000000091f00000| PB 0x0000000091f00000| Untracked |  0
|  16|0x0000000092000000, 0x0000000092000000, 0x0000000092100000|  0%| F|  |TAMS 0x0000000092000000| PB 0x0000000092000000| Untracked |  0
|  17|0x0000000092100000, 0x0000000092200000, 0x0000000092200000|100%| O|  |TAMS 0x0000000092100000| PB 0x0000000092100000| Untracked |  0
|  18|0x0000000092200000, 0x0000000092300000, 0x0000000092300000|100%| O|  |TAMS 0x0000000092200000| PB 0x0000000092200000| Untracked |  0
|  19|0x0000000092300000, 0x0000000092400000, 0x0000000092400000|100%| O|  |TAMS 0x0000000092300000| PB 0x0000000092300000| Untracked |  0
|  20|0x0000000092400000, 0x0000000092500000, 0x0000000092500000|100%| O|  |TAMS 0x0000000092400000| PB 0x0000000092400000| Untracked |  0
|  21|0x0000000092500000, 0x0000000092600000, 0x0000000092600000|100%| O|  |TAMS 0x0000000092500000| PB 0x0000000092500000| Untracked |  0
|  22|0x0000000092600000, 0x0000000092700000, 0x0000000092700000|100%| O|  |TAMS 0x0000000092600000| PB 0x0000000092600000| Untracked |  0
|  23|0x0000000092700000, 0x0000000092800000, 0x0000000092800000|100%| O|  |TAMS 0x0000000092700000| PB 0x0000000092700000| Untracked |  0
|  24|0x0000000092800000, 0x0000000092900000, 0x0000000092900000|100%| O|  |TAMS 0x0000000092800000| PB 0x0000000092800000| Untracked |  0
|  25|0x0000000092900000, 0x0000000092a00000, 0x0000000092a00000|100%| O|  |TAMS 0x0000000092900000| PB 0x0000000092900000| Untracked |  0
|  26|0x0000000092a00000, 0x0000000092adf680, 0x0000000092b00000| 87%| O|  |TAMS 0x0000000092a00000| PB 0x0000000092a00000| Untracked |  0
|  27|0x0000000092b00000, 0x0000000092b00000, 0x0000000092c00000|  0%| F|  |TAMS 0x0000000092b00000| PB 0x0000000092b00000| Untracked |  0
|  28|0x0000000092c00000, 0x0000000092c00000, 0x0000000092d00000|  0%| F|  |TAMS 0x0000000092c00000| PB 0x0000000092c00000| Untracked |  0
|  29|0x0000000092d00000, 0x0000000092d00000, 0x0000000092e00000|  0%| F|  |TAMS 0x0000000092d00000| PB 0x0000000092d00000| Untracked |  0
|  30|0x0000000092e00000, 0x0000000092e00000, 0x0000000092f00000|  0%| F|  |TAMS 0x0000000092e00000| PB 0x0000000092e00000| Untracked |  0
|  31|0x0000000092f00000, 0x0000000092f8a790, 0x0000000093000000| 54%| S|CS|TAMS 0x0000000092f00000| PB 0x0000000092f00000| Complete |  0
|  32|0x0000000093000000, 0x0000000093100000, 0x0000000093100000|100%| S|CS|TAMS 0x0000000093000000| PB 0x0000000093000000| Complete |  0
|  33|0x0000000093100000, 0x0000000093200000, 0x0000000093200000|100%| S|CS|TAMS 0x0000000093100000| PB 0x0000000093100000| Complete |  0
|  34|0x0000000093200000, 0x0000000093200000, 0x0000000093300000|  0%| F|  |TAMS 0x0000000093200000| PB 0x0000000093200000| Untracked |  0
|  35|0x0000000093300000, 0x0000000093300000, 0x0000000093400000|  0%| F|  |TAMS 0x0000000093300000| PB 0x0000000093300000| Untracked |  0
|  36|0x0000000093400000, 0x0000000093400000, 0x0000000093500000|  0%| F|  |TAMS 0x0000000093400000| PB 0x0000000093400000| Untracked |  0
|  37|0x0000000093500000, 0x0000000093500000, 0x0000000093600000|  0%| F|  |TAMS 0x0000000093500000| PB 0x0000000093500000| Untracked |  0
|  38|0x0000000093600000, 0x0000000093600000, 0x0000000093700000|  0%| F|  |TAMS 0x0000000093600000| PB 0x0000000093600000| Untracked |  0
|  39|0x0000000093700000, 0x0000000093700000, 0x0000000093800000|  0%| F|  |TAMS 0x0000000093700000| PB 0x0000000093700000| Untracked |  0
|  40|0x0000000093800000, 0x0000000093800000, 0x0000000093900000|  0%| F|  |TAMS 0x0000000093800000| PB 0x0000000093800000| Untracked |  0
|  41|0x0000000093900000, 0x0000000093900000, 0x0000000093a00000|  0%| F|  |TAMS 0x0000000093900000| PB 0x0000000093900000| Untracked |  0
|  42|0x0000000093a00000, 0x0000000093a00000, 0x0000000093b00000|  0%| F|  |TAMS 0x0000000093a00000| PB 0x0000000093a00000| Untracked |  0
|  43|0x0000000093b00000, 0x0000000093b00000, 0x0000000093c00000|  0%| F|  |TAMS 0x0000000093b00000| PB 0x0000000093b00000| Untracked |  0
|  44|0x0000000093c00000, 0x0000000093c00000, 0x0000000093d00000|  0%| F|  |TAMS 0x0000000093c00000| PB 0x0000000093c00000| Untracked |  0
|  45|0x0000000093d00000, 0x0000000093d00000, 0x0000000093e00000|  0%| F|  |TAMS 0x0000000093d00000| PB 0x0000000093d00000| Untracked |  0
|  46|0x0000000093e00000, 0x0000000093e00000, 0x0000000093f00000|  0%| F|  |TAMS 0x0000000093e00000| PB 0x0000000093e00000| Untracked |  0
|  47|0x0000000093f00000, 0x0000000093f00000, 0x0000000094000000|  0%| F|  |TAMS 0x0000000093f00000| PB 0x0000000093f00000| Untracked |  0
|  48|0x0000000094000000, 0x0000000094000000, 0x0000000094100000|  0%| F|  |TAMS 0x0000000094000000| PB 0x0000000094000000| Untracked |  0
|  49|0x0000000094100000, 0x0000000094100000, 0x0000000094200000|  0%| F|  |TAMS 0x0000000094100000| PB 0x0000000094100000| Untracked |  0
|  50|0x0000000094200000, 0x0000000094200000, 0x0000000094300000|  0%| F|  |TAMS 0x0000000094200000| PB 0x0000000094200000| Untracked |  0
|  51|0x0000000094300000, 0x0000000094300000, 0x0000000094400000|  0%| F|  |TAMS 0x0000000094300000| PB 0x0000000094300000| Untracked |  0
|  52|0x0000000094400000, 0x000000009445e770, 0x0000000094500000| 36%| E|  |TAMS 0x0000000094400000| PB 0x0000000094400000| Complete |  0
|  53|0x0000000094500000, 0x0000000094600000, 0x0000000094600000|100%| E|CS|TAMS 0x0000000094500000| PB 0x0000000094500000| Complete |  0
|  54|0x0000000094600000, 0x0000000094700000, 0x0000000094700000|100%| E|CS|TAMS 0x0000000094600000| PB 0x0000000094600000| Complete |  0
|  55|0x0000000094700000, 0x0000000094800000, 0x0000000094800000|100%| E|CS|TAMS 0x0000000094700000| PB 0x0000000094700000| Complete |  0
|  56|0x0000000094800000, 0x0000000094900000, 0x0000000094900000|100%| E|CS|TAMS 0x0000000094800000| PB 0x0000000094800000| Complete |  0
|  57|0x0000000094900000, 0x0000000094a00000, 0x0000000094a00000|100%| E|CS|TAMS 0x0000000094900000| PB 0x0000000094900000| Complete |  0
|  75|0x0000000095b00000, 0x0000000095c00000, 0x0000000095c00000|100%| E|CS|TAMS 0x0000000095b00000| PB 0x0000000095b00000| Complete |  0
|  76|0x0000000095c00000, 0x0000000095d00000, 0x0000000095d00000|100%| E|CS|TAMS 0x0000000095c00000| PB 0x0000000095c00000| Complete |  0
|  77|0x0000000095d00000, 0x0000000095e00000, 0x0000000095e00000|100%| E|CS|TAMS 0x0000000095d00000| PB 0x0000000095d00000| Complete |  0
|  81|0x0000000096100000, 0x0000000096200000, 0x0000000096200000|100%| E|CS|TAMS 0x0000000096100000| PB 0x0000000096100000| Complete |  0
|  82|0x0000000096200000, 0x0000000096300000, 0x0000000096300000|100%| E|CS|TAMS 0x0000000096200000| PB 0x0000000096200000| Complete |  0
| 111|0x0000000097f00000, 0x0000000098000000, 0x0000000098000000|100%| E|CS|TAMS 0x0000000097f00000| PB 0x0000000097f00000| Complete |  0

Card table byte_map: [0x000001c7734c0000,0x000001c773840000] _byte_map_base: 0x000001c773038000

Marking Bits: (CMBitMap*) 0x000001c768c0e9b0
 Bits: [0x000001c773840000, 0x000001c775400000)

Polling page: 0x000001c768c70000

Metaspace:

Usage:
  Non-class:     56.71 MB used.
      Class:      9.19 MB used.
       Both:     65.90 MB used.

Virtual space:
  Non-class space:       64.00 MB reserved,      57.06 MB ( 89%) committed,  1 nodes.
      Class space:        1.00 GB reserved,       9.44 MB ( <1%) committed,  1 nodes.
             Both:        1.06 GB reserved,      66.50 MB (  6%) committed. 

Chunk freelists:
   Non-Class:  6.92 MB
       Class:  6.51 MB
        Both:  13.43 MB

MaxMetaspaceSize: unlimited
CompressedClassSpaceSize: 1.00 GB
Initial GC threshold: 21.00 MB
Current GC threshold: 98.38 MB
CDS: on
 - commit_granule_bytes: 65536.
 - commit_granule_words: 8192.
 - virtual_space_node_default_size: 8388608.
 - enlarge_chunks_in_place: 1.
 - use_allocation_guard: 0.


Internal statistics:

num_allocs_failed_limit: 9.
num_arena_births: 852.
num_arena_deaths: 2.
num_vsnodes_births: 2.
num_vsnodes_deaths: 0.
num_space_committed: 1064.
num_space_uncommitted: 0.
num_chunks_returned_to_freelist: 12.
num_chunks_taken_from_freelist: 3188.
num_chunk_merges: 9.
num_chunk_splits: 2286.
num_chunks_enlarged: 1787.
num_inconsistent_stats: 0.

CodeHeap 'non-profiled nmethods': size=120000Kb used=2913Kb max_used=2993Kb free=117086Kb
 bounds [0x000001c707ad0000, 0x000001c707de0000, 0x000001c70f000000]
CodeHeap 'profiled nmethods': size=120000Kb used=9985Kb max_used=9985Kb free=110014Kb
 bounds [0x000001c700000000, 0x000001c7009d0000, 0x000001c707530000]
CodeHeap 'non-nmethods': size=5760Kb used=1707Kb max_used=1753Kb free=4052Kb
 bounds [0x000001c707530000, 0x000001c7077a0000, 0x000001c707ad0000]
 total_blobs=5857 nmethods=5128 adapters=632
 compilation: enabled
              stopped_count=0, restarted_count=0
 full_count=0

Compilation events (20 events):
Event: 15.584 Thread 0x000001c777eb4e30 5846       2       java.lang.invoke.MethodHandles$Lookup::lookupModes (8 bytes)
Event: 15.584 Thread 0x000001c777eb4e30 nmethod 5846 0x000001c7001bb290 code [0x000001c7001bb420, 0x000001c7001bb528]
Event: 15.595 Thread 0x000001c777eb4e30 5847       2       java.util.LinkedHashSet::<init> (28 bytes)
Event: 15.595 Thread 0x000001c777eb4e30 nmethod 5847 0x000001c7009bf190 code [0x000001c7009bf380, 0x000001c7009bf578]
Event: 15.650 Thread 0x000001c777eb4e30 5848       1       java.util.ImmutableCollections$List12::isEmpty (2 bytes)
Event: 15.650 Thread 0x000001c777eb4e30 nmethod 5848 0x000001c707bba310 code [0x000001c707bba4a0, 0x000001c707bba568]
Event: 15.651 Thread 0x000001c777eb4e30 5849       2       java.lang.invoke.MethodType::invokers (27 bytes)
Event: 15.652 Thread 0x000001c777eb4e30 nmethod 5849 0x000001c7009bf690 code [0x000001c7009bf840, 0x000001c7009bfb90]
Event: 15.659 Thread 0x000001c777eb4e30 5851       2       java.net.URI::<init> (23 bytes)
Event: 15.659 Thread 0x000001c777eb4e30 nmethod 5851 0x000001c7009bfc90 code [0x000001c7009bfe40, 0x000001c7009c00f8]
Event: 15.677 Thread 0x000001c777eb4e30 5853       2       java.util.logging.LogManager::getProperty (9 bytes)
Event: 15.677 Thread 0x000001c777eb4e30 nmethod 5853 0x000001c7009c0190 code [0x000001c7009c0340, 0x000001c7009c0478]
Event: 15.709 Thread 0x000001c777ebc6a0 nmethod 5592 0x000001c707bc7e90 code [0x000001c707bc88a0, 0x000001c707bcee20]
Event: 15.710 Thread 0x000001c777ebc6a0 5707       4       java.util.HashSet::iterator (13 bytes)
Event: 15.725 Thread 0x000001c777ebc6a0 nmethod 5707 0x000001c707bb9210 code [0x000001c707bb9400, 0x000001c707bb9be8]
Event: 15.725 Thread 0x000001c777ebc6a0 5706       4       sun.invoke.util.VerifyType::isNullConversion (157 bytes)
Event: 15.731 Thread 0x000001c777ebc6a0 nmethod 5706 0x000001c707bc7390 code [0x000001c707bc75c0, 0x000001c707bc7a68]
Event: 15.731 Thread 0x000001c777ebc6a0 5834       4       java.util.TreeMap::successor (66 bytes)
Event: 15.733 Thread 0x000001c777ebc6a0 nmethod 5834 0x000001c707bc7010 code [0x000001c707bc71a0, 0x000001c707bc72b0]
Event: 15.733 Thread 0x000001c777ebc6a0 5532   !   4       org.springframework.core.annotation.AnnotationsScanner::processMethodHierarchy (276 bytes)

GC Heap History (20 events):
Event: 7.060 GC heap before
{Heap before GC invocations=5 (full 0):
 garbage-first heap   total reserved 1818624K, committed 45056K, used 35012K [0x0000000091000000, 0x0000000100000000)
  region size 1024K, 22 young (22528K), 3 survivors (3072K)
 Metaspace       used 26762K, committed 27072K, reserved 1114112K
  class space    used 3461K, committed 3584K, reserved 1048576K
}
Event: 7.072 GC heap after
{Heap after GC invocations=6 (full 0):
 garbage-first heap   total reserved 1818624K, committed 45056K, used 16266K [0x0000000091000000, 0x0000000100000000)
  region size 1024K, 2 young (2048K), 2 survivors (2048K)
 Metaspace       used 26762K, committed 27072K, reserved 1114112K
  class space    used 3461K, committed 3584K, reserved 1048576K
}
Event: 8.340 GC heap before
{Heap before GC invocations=6 (full 0):
 garbage-first heap   total reserved 1818624K, committed 45056K, used 35722K [0x0000000091000000, 0x0000000100000000)
  region size 1024K, 21 young (21504K), 2 survivors (2048K)
 Metaspace       used 29971K, committed 30464K, reserved 1114112K
  class space    used 3960K, committed 4160K, reserved 1048576K
}
Event: 8.352 GC heap after
{Heap after GC invocations=7 (full 0):
 garbage-first heap   total reserved 1818624K, committed 45056K, used 18309K [0x0000000091000000, 0x0000000100000000)
  region size 1024K, 3 young (3072K), 3 survivors (3072K)
 Metaspace       used 29971K, committed 30464K, reserved 1114112K
  class space    used 3960K, committed 4160K, reserved 1048576K
}
Event: 9.397 GC heap before
{Heap before GC invocations=7 (full 0):
 garbage-first heap   total reserved 1818624K, committed 45056K, used 36741K [0x0000000091000000, 0x0000000100000000)
  region size 1024K, 21 young (21504K), 3 survivors (3072K)
 Metaspace       used 35210K, committed 35648K, reserved 1114112K
  class space    used 4740K, committed 4928K, reserved 1048576K
}
Event: 9.409 GC heap after
{Heap after GC invocations=8 (full 0):
 garbage-first heap   total reserved 1818624K, committed 45056K, used 19456K [0x0000000091000000, 0x0000000100000000)
  region size 1024K, 1 young (1024K), 1 survivors (1024K)
 Metaspace       used 35210K, committed 35648K, reserved 1114112K
  class space    used 4740K, committed 4928K, reserved 1048576K
}
Event: 9.472 GC heap before
{Heap before GC invocations=8 (full 0):
 garbage-first heap   total reserved 1818624K, committed 45056K, used 20480K [0x0000000091000000, 0x0000000100000000)
  region size 1024K, 3 young (3072K), 1 survivors (1024K)
 Metaspace       used 35556K, committed 35968K, reserved 1114112K
  class space    used 4812K, committed 4992K, reserved 1048576K
}
Event: 9.476 GC heap after
{Heap after GC invocations=9 (full 0):
 garbage-first heap   total reserved 1818624K, committed 45056K, used 19595K [0x0000000091000000, 0x0000000100000000)
  region size 1024K, 2 young (2048K), 2 survivors (2048K)
 Metaspace       used 35556K, committed 35968K, reserved 1114112K
  class space    used 4812K, committed 4992K, reserved 1048576K
}
Event: 10.985 GC heap before
{Heap before GC invocations=10 (full 0):
 garbage-first heap   total reserved 1818624K, committed 45056K, used 38027K [0x0000000091000000, 0x0000000100000000)
  region size 1024K, 20 young (20480K), 2 survivors (2048K)
 Metaspace       used 43932K, committed 44416K, reserved 1114112K
  class space    used 5876K, committed 6080K, reserved 1048576K
}
Event: 10.994 GC heap after
{Heap after GC invocations=11 (full 0):
 garbage-first heap   total reserved 1818624K, committed 54272K, used 21504K [0x0000000091000000, 0x0000000100000000)
  region size 1024K, 3 young (3072K), 3 survivors (3072K)
 Metaspace       used 43932K, committed 44416K, reserved 1114112K
  class space    used 5876K, committed 6080K, reserved 1048576K
}
Event: 11.887 GC heap before
{Heap before GC invocations=11 (full 0):
 garbage-first heap   total reserved 1818624K, committed 54272K, used 45056K [0x0000000091000000, 0x0000000100000000)
  region size 1024K, 27 young (27648K), 3 survivors (3072K)
 Metaspace       used 49642K, committed 50176K, reserved 1114112K
  class space    used 6619K, committed 6848K, reserved 1048576K
}
Event: 11.899 GC heap after
{Heap after GC invocations=12 (full 0):
 garbage-first heap   total reserved 1818624K, committed 54272K, used 22691K [0x0000000091000000, 0x0000000100000000)
  region size 1024K, 4 young (4096K), 4 survivors (4096K)
 Metaspace       used 49642K, committed 50176K, reserved 1114112K
  class space    used 6619K, committed 6848K, reserved 1048576K
}
Event: 12.958 GC heap before
{Heap before GC invocations=12 (full 0):
 garbage-first heap   total reserved 1818624K, committed 54272K, used 44195K [0x0000000091000000, 0x0000000100000000)
  region size 1024K, 26 young (26624K), 4 survivors (4096K)
 Metaspace       used 56929K, committed 57472K, reserved 1114112K
  class space    used 7835K, committed 8064K, reserved 1048576K
}
Event: 12.971 GC heap after
{Heap after GC invocations=13 (full 0):
 garbage-first heap   total reserved 1818624K, committed 54272K, used 23804K [0x0000000091000000, 0x0000000100000000)
  region size 1024K, 3 young (3072K), 3 survivors (3072K)
 Metaspace       used 56929K, committed 57472K, reserved 1114112K
  class space    used 7835K, committed 8064K, reserved 1048576K
}
Event: 13.466 GC heap before
{Heap before GC invocations=13 (full 0):
 garbage-first heap   total reserved 1818624K, committed 54272K, used 35068K [0x0000000091000000, 0x0000000100000000)
  region size 1024K, 16 young (16384K), 3 survivors (3072K)
 Metaspace       used 59774K, committed 60288K, reserved 1114112K
  class space    used 8157K, committed 8384K, reserved 1048576K
}
Event: 13.478 GC heap after
{Heap after GC invocations=14 (full 0):
 garbage-first heap   total reserved 1818624K, committed 54272K, used 25018K [0x0000000091000000, 0x0000000100000000)
  region size 1024K, 3 young (3072K), 3 survivors (3072K)
 Metaspace       used 59774K, committed 60288K, reserved 1114112K
  class space    used 8157K, committed 8384K, reserved 1048576K
}
Event: 14.309 GC heap before
{Heap before GC invocations=15 (full 0):
 garbage-first heap   total reserved 1818624K, committed 54272K, used 45498K [0x0000000091000000, 0x0000000100000000)
  region size 1024K, 23 young (23552K), 3 survivors (3072K)
 Metaspace       used 63118K, committed 63680K, reserved 1114112K
  class space    used 8750K, committed 8960K, reserved 1048576K
}
Event: 14.326 GC heap after
{Heap after GC invocations=16 (full 0):
 garbage-first heap   total reserved 1818624K, committed 54272K, used 26949K [0x0000000091000000, 0x0000000100000000)
  region size 1024K, 3 young (3072K), 3 survivors (3072K)
 Metaspace       used 63118K, committed 63680K, reserved 1114112K
  class space    used 8750K, committed 8960K, reserved 1048576K
}
Event: 15.019 GC heap before
{Heap before GC invocations=16 (full 0):
 garbage-first heap   total reserved 1818624K, committed 54272K, used 46405K [0x0000000091000000, 0x0000000100000000)
  region size 1024K, 22 young (22528K), 3 survivors (3072K)
 Metaspace       used 65694K, committed 66368K, reserved 1114112K
  class space    used 9153K, committed 9472K, reserved 1048576K
}
Event: 15.037 GC heap after
{Heap after GC invocations=17 (full 0):
 garbage-first heap   total reserved 1818624K, committed 65536K, used 29095K [0x0000000091000000, 0x0000000100000000)
  region size 1024K, 3 young (3072K), 3 survivors (3072K)
 Metaspace       used 65694K, committed 66368K, reserved 1114112K
  class space    used 9153K, committed 9472K, reserved 1048576K
}

Dll operation events (15 events):
Event: 0.023 Loaded shared library C:\Program Files\Java\jdk-22\bin\java.dll
Event: 0.081 Loaded shared library C:\Program Files\Java\jdk-22\bin\jsvml.dll
Event: 0.322 Loaded shared library C:\Program Files\Java\jdk-22\bin\zip.dll
Event: 0.329 Loaded shared library C:\Program Files\Java\jdk-22\bin\instrument.dll
Event: 0.335 Loaded shared library C:\Program Files\Java\jdk-22\bin\net.dll
Event: 0.338 Loaded shared library C:\Program Files\Java\jdk-22\bin\nio.dll
Event: 0.344 Loaded shared library C:\Program Files\Java\jdk-22\bin\zip.dll
Event: 0.367 Loaded shared library C:\Program Files\JetBrains\IntelliJ IDEA Community Edition 2024.1.4\bin\breakgen64.dll
Event: 0.386 Loaded shared library C:\Program Files\Java\jdk-22\bin\extnet.dll
Event: 0.724 Loaded shared library C:\Program Files\Java\jdk-22\bin\jimage.dll
Event: 3.597 Loaded shared library C:\Program Files\Java\jdk-22\bin\le.dll
Event: 4.897 Loaded shared library C:\Program Files\Java\jdk-22\bin\sunmscapi.dll
Event: 9.202 Loaded shared library C:\Program Files\Java\jdk-22\bin\verify.dll
Event: 15.498 Loaded shared library C:\Program Files\Java\jdk-22\bin\management.dll
Event: 15.505 Loaded shared library C:\Program Files\Java\jdk-22\bin\management_ext.dll

Deoptimization events (20 events):
Event: 15.589 Thread 0x000001c7689109f0 Uncommon trap: trap_request=0xffffffde fr.pc=0x000001c707bf2e98 relative=0x00000000000013b8
Event: 15.589 Thread 0x000001c7689109f0 Uncommon trap: reason=class_check action=maybe_recompile pc=0x000001c707bf2e98 method=org.springframework.core.annotation.AnnotationsScanner.processClassHierarchy(Ljava/lang/Object;[ILjava/lang/Class;Lorg/springframework/core/annotation/AnnotationsProcess
Event: 15.589 Thread 0x000001c7689109f0 DEOPT PACKING pc=0x000001c707bf2e98 sp=0x000000b651cfd1d0
Event: 15.589 Thread 0x000001c7689109f0 DEOPT UNPACKING pc=0x000001c7075846a2 sp=0x000000b651cfd1c0 mode 2
Event: 15.591 Thread 0x000001c7689109f0 Uncommon trap: trap_request=0xffffffde fr.pc=0x000001c707dbae60 relative=0x00000000000003e0
Event: 15.591 Thread 0x000001c7689109f0 Uncommon trap: reason=class_check action=maybe_recompile pc=0x000001c707dbae60 method=org.springframework.core.annotation.AnnotationsScanner.isWithoutHierarchy(Ljava/lang/reflect/AnnotatedElement;Lorg/springframework/core/annotation/MergedAnnotations$Sear
Event: 15.591 Thread 0x000001c7689109f0 DEOPT PACKING pc=0x000001c707dbae60 sp=0x000000b651cfd1f0
Event: 15.591 Thread 0x000001c7689109f0 DEOPT UNPACKING pc=0x000001c7075846a2 sp=0x000000b651cfd1a0 mode 2
Event: 15.591 Thread 0x000001c7689109f0 Uncommon trap: trap_request=0xffffffde fr.pc=0x000001c707bf2e98 relative=0x00000000000013b8
Event: 15.591 Thread 0x000001c7689109f0 Uncommon trap: reason=class_check action=maybe_recompile pc=0x000001c707bf2e98 method=org.springframework.core.annotation.AnnotationsScanner.processClassHierarchy(Ljava/lang/Object;[ILjava/lang/Class;Lorg/springframework/core/annotation/AnnotationsProcess
Event: 15.591 Thread 0x000001c7689109f0 DEOPT PACKING pc=0x000001c707bf2e98 sp=0x000000b651cfd130
Event: 15.591 Thread 0x000001c7689109f0 DEOPT UNPACKING pc=0x000001c7075846a2 sp=0x000000b651cfd120 mode 2
Event: 15.662 Thread 0x000001c7689109f0 Uncommon trap: trap_request=0xffffffde fr.pc=0x000001c707db2834 relative=0x0000000000000a54
Event: 15.662 Thread 0x000001c7689109f0 Uncommon trap: reason=class_check action=maybe_recompile pc=0x000001c707db2834 method=java.util.zip.InflaterInputStream.read([BII)I @ 78 c2
Event: 15.662 Thread 0x000001c7689109f0 DEOPT PACKING pc=0x000001c707db2834 sp=0x000000b651cfa3f0
Event: 15.662 Thread 0x000001c7689109f0 DEOPT UNPACKING pc=0x000001c7075846a2 sp=0x000000b651cfa3e0 mode 2
Event: 15.662 Thread 0x000001c7689109f0 Uncommon trap: trap_request=0xffffffde fr.pc=0x000001c707db2834 relative=0x0000000000000a54
Event: 15.662 Thread 0x000001c7689109f0 Uncommon trap: reason=class_check action=maybe_recompile pc=0x000001c707db2834 method=java.util.zip.InflaterInputStream.read([BII)I @ 78 c2
Event: 15.662 Thread 0x000001c7689109f0 DEOPT PACKING pc=0x000001c707db2834 sp=0x000000b651cfa3f0
Event: 15.662 Thread 0x000001c7689109f0 DEOPT UNPACKING pc=0x000001c7075846a2 sp=0x000000b651cfa3e0 mode 2

Classes loaded (20 events):
Event: 15.537 Loading class java/util/IdentityHashMap$IdentityHashMapSpliterator done
Event: 15.537 Loading class java/util/IdentityHashMap$KeySpliterator done
Event: 15.659 Loading class java/util/jar/JarInputStream
Event: 15.659 Loading class java/util/zip/ZipInputStream
Event: 15.660 Loading class java/util/zip/ZipInputStream done
Event: 15.660 Loading class java/util/jar/JarInputStream done
Event: 15.661 Loading class java/io/PushbackInputStream
Event: 15.662 Loading class java/io/PushbackInputStream done
Event: 15.663 Loading class sun/security/util/ManifestEntryVerifier
Event: 15.663 Loading class sun/security/util/ManifestEntryVerifier done
Event: 15.666 Loading class java/lang/ProcessBuilder
Event: 15.667 Loading class java/lang/ProcessBuilder done
Event: 15.667 Loading class java/lang/ProcessImpl
Event: 15.668 Loading class java/lang/ProcessImpl done
Event: 15.676 Loading class java/lang/ProcessImpl$2
Event: 15.676 Loading class java/lang/ProcessImpl$2 done
Event: 15.676 Loading class java/lang/Process$PipeInputStream
Event: 15.676 Loading class java/lang/Process$PipeInputStream done
Event: 15.676 Loading class jdk/internal/event/ProcessStartEvent
Event: 15.676 Loading class jdk/internal/event/ProcessStartEvent done

Classes unloaded (1 events):
Event: 4.578 Thread 0x000001c777e8b010 Unloading class 0x000001c710004400 'java/lang/invoke/LambdaForm$DMH+0x000001c710004400'

Classes redefined (0 events):
No events

Internal exceptions (20 events):
Event: 13.286 Thread 0x000001c7689109f0 Exception <a 'java/lang/IncompatibleClassChangeError'{0x0000000093c3bcf8}: Found class java.lang.Object, but interface was expected> (0x0000000093c3bcf8) 
thrown [s\open\src\hotspot\share\interpreter\linkResolver.cpp, line 841]
Event: 13.305 Thread 0x000001c7689109f0 Exception <a 'java/lang/IncompatibleClassChangeError'{0x0000000093cbb498}: Found class java.lang.Object, but interface was expected> (0x0000000093cbb498) 
thrown [s\open\src\hotspot\share\interpreter\linkResolver.cpp, line 841]
Event: 13.368 Thread 0x000001c7689109f0 Exception <a 'java/lang/IncompatibleClassChangeError'{0x0000000093a205e8}: Found class java.lang.Object, but interface was expected> (0x0000000093a205e8) 
thrown [s\open\src\hotspot\share\interpreter\linkResolver.cpp, line 841]
Event: 13.638 Thread 0x000001c7689109f0 Exception <a 'java/lang/IncompatibleClassChangeError'{0x0000000095d402d8}: Found class java.lang.Object, but interface was expected> (0x0000000095d402d8) 
thrown [s\open\src\hotspot\share\interpreter\linkResolver.cpp, line 841]
Event: 13.762 Thread 0x000001c7689109f0 Exception <a 'java/lang/IncompatibleClassChangeError'{0x0000000095bf4518}: Found class java.lang.Object, but interface was expected> (0x0000000095bf4518) 
thrown [s\open\src\hotspot\share\interpreter\linkResolver.cpp, line 841]
Event: 13.957 Thread 0x000001c7689109f0 Exception <a 'java/lang/NoSuchMethodError'{0x0000000093aed808}: 'java.lang.Object java.lang.invoke.DirectMethodHandle$Holder.newInvokeSpecial(java.lang.Object, java.lang.Object, java.lang.Object, java.lang.Object, java.lang.Object, java.lang.Object, java.lang.Object, java.lang.Object)'> (0x0000000093aed808) 
thrown [s\open\src\hotspot\share\interpreter\linkResolver.cpp, line 774]
Event: 14.559 Thread 0x000001c7689109f0 Exception <a 'java/lang/IncompatibleClassChangeError'{0x0000000093d03450}: Found class java.lang.Object, but interface was expected> (0x0000000093d03450) 
thrown [s\open\src\hotspot\share\interpreter\linkResolver.cpp, line 841]
Event: 14.846 Thread 0x000001c7689109f0 Exception <a 'java/lang/NoSuchMethodError'{0x000000009368f638}: 'java.lang.Object java.lang.invoke.DirectMethodHandle$Holder.invokeVirtual(java.lang.Object, java.lang.Object, java.lang.Object, java.lang.Object, java.lang.Object, java.lang.Object)'> (0x000000009368f638) 
thrown [s\open\src\hotspot\share\interpreter\linkResolver.cpp, line 774]
Event: 14.861 Thread 0x000001c7689109f0 Exception <a 'java/lang/NoSuchMethodError'{0x00000000936f2998}: 'void java.lang.invoke.DirectMethodHandle$Holder.invokeInterface(java.lang.Object, java.lang.Object, int)'> (0x00000000936f2998) 
thrown [s\open\src\hotspot\share\interpreter\linkResolver.cpp, line 774]
Event: 14.867 Thread 0x000001c7689109f0 Exception <a 'java/lang/IncompatibleClassChangeError'{0x0000000093533e10}: Found class java.lang.Object, but interface was expected> (0x0000000093533e10) 
thrown [s\open\src\hotspot\share\interpreter\linkResolver.cpp, line 841]
Event: 14.868 Thread 0x000001c7689109f0 Exception <a 'java/lang/NoSuchMethodError'{0x0000000093541e88}: 'int java.lang.invoke.DirectMethodHandle$Holder.invokeSpecialIFC(java.lang.Object, java.lang.Object, java.lang.Object)'> (0x0000000093541e88) 
thrown [s\open\src\hotspot\share\interpreter\linkResolver.cpp, line 774]
Event: 14.870 Thread 0x000001c7689109f0 Exception <a 'java/lang/NoSuchMethodError'{0x00000000935568c8}: 'void java.lang.invoke.DirectMethodHandle$Holder.invokeStatic(java.lang.Object, int, java.lang.Object)'> (0x00000000935568c8) 
thrown [s\open\src\hotspot\share\interpreter\linkResolver.cpp, line 774]
Event: 15.039 Thread 0x000001c7689109f0 Exception <a 'java/lang/NoSuchMethodError'{0x0000000097f0a2b0}: 'void java.lang.invoke.DirectMethodHandle$Holder.invokeVirtual(java.lang.Object, java.lang.Object, long)'> (0x0000000097f0a2b0) 
thrown [s\open\src\hotspot\share\interpreter\linkResolver.cpp, line 774]
Event: 15.161 Thread 0x000001c7689109f0 Exception <a 'java/lang/NoSuchMethodError'{0x0000000095d3a098}: 'int java.lang.invoke.DirectMethodHandle$Holder.invokeStaticInit(java.lang.Object, java.lang.Object, java.lang.Object, java.lang.Object)'> (0x0000000095d3a098) 
thrown [s\open\src\hotspot\share\interpreter\linkResolver.cpp, line 774]
Event: 15.222 Thread 0x000001c7689109f0 Exception <a 'java/lang/IncompatibleClassChangeError'{0x0000000095c3f208}: Found class java.lang.Object, but interface was expected> (0x0000000095c3f208) 
thrown [s\open\src\hotspot\share\interpreter\linkResolver.cpp, line 841]
Event: 15.242 Thread 0x000001c7689109f0 Implicit null exception at 0x000001c707c6a3e8 to 0x000001c707c6a644
Event: 15.444 Thread 0x000001c7689109f0 Exception <a 'java/lang/NoSuchMethodError'{0x00000000947c7b90}: 'java.lang.Object java.lang.invoke.DirectMethodHandle$Holder.newInvokeSpecial(java.lang.Object, java.lang.Object, int, java.lang.Object, java.lang.Object)'> (0x00000000947c7b90) 
thrown [s\open\src\hotspot\share\interpreter\linkResolver.cpp, line 774]
Event: 15.638 Thread 0x000001c7689109f0 Exception <a 'java/lang/NoSuchMethodError'{0x00000000945c6ea8}: method resolution failed> (0x00000000945c6ea8) 
thrown [s\open\src\hotspot\share\prims\methodHandles.cpp, line 1146]
Event: 15.651 Thread 0x000001c7689109f0 Exception <a 'java/lang/NoSuchMethodError'{0x00000000945fc308}: 'long java.lang.invoke.DelegatingMethodHandle$Holder.reinvoke_L(java.lang.Object, java.lang.Object)'> (0x00000000945fc308) 
thrown [s\open\src\hotspot\share\interpreter\linkResolver.cpp, line 774]
Event: 15.675 Thread 0x000001c7689109f0 Exception <a 'java/lang/NoSuchMethodError'{0x00000000944241b0}: 'void java.lang.invoke.DirectMethodHandle$Holder.invokeStatic(java.lang.Object, long)'> (0x00000000944241b0) 
thrown [s\open\src\hotspot\share\interpreter\linkResolver.cpp, line 774]

ZGC Phase Switch (0 events):
No events

VM Operations (20 events):
Event: 13.509 Executing VM operation: G1PauseRemark
Event: 13.519 Executing VM operation: G1PauseRemark done
Event: 13.529 Executing VM operation: G1PauseCleanup
Event: 13.530 Executing VM operation: G1PauseCleanup done
Event: 13.578 Executing VM operation: HandshakeAllThreads (Deoptimize)
Event: 13.578 Executing VM operation: HandshakeAllThreads (Deoptimize) done
Event: 13.662 Executing VM operation: HandshakeAllThreads (Deoptimize)
Event: 13.662 Executing VM operation: HandshakeAllThreads (Deoptimize) done
Event: 14.256 Executing VM operation: HandshakeAllThreads (Deoptimize)
Event: 14.256 Executing VM operation: HandshakeAllThreads (Deoptimize) done
Event: 14.306 Executing VM operation: HandshakeAllThreads (Deoptimize)
Event: 14.306 Executing VM operation: HandshakeAllThreads (Deoptimize) done
Event: 14.308 Executing VM operation: G1CollectForAllocation (G1 Evacuation Pause)
Event: 14.326 Executing VM operation: G1CollectForAllocation (G1 Evacuation Pause) done
Event: 14.604 Executing VM operation: HandshakeAllThreads (Deoptimize)
Event: 14.604 Executing VM operation: HandshakeAllThreads (Deoptimize) done
Event: 15.018 Executing VM operation: G1CollectForAllocation (G1 Evacuation Pause)
Event: 15.037 Executing VM operation: G1CollectForAllocation (G1 Evacuation Pause) done
Event: 15.077 Executing VM operation: HandshakeAllThreads (Deoptimize)
Event: 15.077 Executing VM operation: HandshakeAllThreads (Deoptimize) done

Events (20 events):
Event: 13.518 Thread 0x000001c777e8b010 flushing nmethod 0x000001c7006ed190
Event: 13.518 Thread 0x000001c777e8b010 flushing nmethod 0x000001c7006ee190
Event: 13.518 Thread 0x000001c777e8b010 flushing nmethod 0x000001c700728610
Event: 13.518 Thread 0x000001c777e8b010 flushing nmethod 0x000001c700768410
Event: 13.518 Thread 0x000001c777e8b010 flushing nmethod 0x000001c700784690
Event: 13.518 Thread 0x000001c777e8b010 flushing nmethod 0x000001c7007a7790
Event: 13.518 Thread 0x000001c777e8b010 flushing nmethod 0x000001c7007ab610
Event: 13.518 Thread 0x000001c777e8b010 flushing nmethod 0x000001c7007abb90
Event: 13.518 Thread 0x000001c777e8b010 flushing nmethod 0x000001c7007b8110
Event: 13.518 Thread 0x000001c777e8b010 flushing nmethod 0x000001c7007b9c10
Event: 13.518 Thread 0x000001c777e8b010 flushing nmethod 0x000001c7007ccb90
Event: 13.518 Thread 0x000001c777e8b010 flushing nmethod 0x000001c7007df090
Event: 13.518 Thread 0x000001c777e8b010 flushing nmethod 0x000001c700808f90
Event: 13.518 Thread 0x000001c777e8b010 flushing nmethod 0x000001c700809c10
Event: 13.518 Thread 0x000001c777e8b010 flushing nmethod 0x000001c70080ac10
Event: 13.518 Thread 0x000001c777e8b010 flushing nmethod 0x000001c70081d690
Event: 13.518 Thread 0x000001c777e8b010 flushing nmethod 0x000001c70085ba10
Event: 13.518 Thread 0x000001c777e8b010 flushing nmethod 0x000001c70085bd10
Event: 13.518 Thread 0x000001c777e8b010 flushing nmethod 0x000001c70085c990
Event: 13.518 Thread 0x000001c777e8b010 flushing nmethod 0x000001c700868010


Dynamic libraries:
0x00007ff6430d0000 - 0x00007ff6430e0000 	C:\Program Files\Java\jdk-22\bin\java.exe
0x00007ffdf3030000 - 0x00007ffdf3247000 	C:\WINDOWS\SYSTEM32\ntdll.dll
0x00007ffdf1820000 - 0x00007ffdf18e4000 	C:\WINDOWS\System32\KERNEL32.DLL
0x00007ffdf0360000 - 0x00007ffdf070d000 	C:\WINDOWS\System32\KERNELBASE.dll
0x00007ffdf0be0000 - 0x00007ffdf0cf1000 	C:\WINDOWS\System32\ucrtbase.dll
0x00007ffdd4a60000 - 0x00007ffdd4a7b000 	C:\Program Files\Java\jdk-22\bin\VCRUNTIME140.dll
0x00007ffdd4a80000 - 0x00007ffdd4a97000 	C:\Program Files\Java\jdk-22\bin\jli.dll
0x00007ffdf1ec0000 - 0x00007ffdf1f72000 	C:\WINDOWS\System32\ADVAPI32.dll
0x00007ffdf11f0000 - 0x00007ffdf1297000 	C:\WINDOWS\System32\msvcrt.dll
0x00007ffdf2000000 - 0x00007ffdf20a9000 	C:\WINDOWS\System32\sechost.dll
0x00007ffdf07d0000 - 0x00007ffdf07f8000 	C:\WINDOWS\System32\bcrypt.dll
0x00007ffdf14f0000 - 0x00007ffdf1604000 	C:\WINDOWS\System32\RPCRT4.dll
0x00007ffdf12b0000 - 0x00007ffdf145e000 	C:\WINDOWS\System32\USER32.dll
0x00007ffdf0a90000 - 0x00007ffdf0ab6000 	C:\WINDOWS\System32\win32u.dll
0x00007ffddb7d0000 - 0x00007ffddba63000 	C:\WINDOWS\WinSxS\amd64_microsoft.windows.common-controls_6595b64144ccf1df_6.0.22621.3672_none_2713b9d173822955\COMCTL32.dll
0x00007ffdf1460000 - 0x00007ffdf1489000 	C:\WINDOWS\System32\GDI32.dll
0x00007ffdf0ac0000 - 0x00007ffdf0bd9000 	C:\WINDOWS\System32\gdi32full.dll
0x00007ffdf0800000 - 0x00007ffdf089a000 	C:\WINDOWS\System32\msvcp_win.dll
0x00007ffde6320000 - 0x00007ffde632a000 	C:\WINDOWS\SYSTEM32\VERSION.dll
0x00007ffdf17e0000 - 0x00007ffdf1811000 	C:\WINDOWS\System32\IMM32.DLL
0x00007ffdde0b0000 - 0x00007ffdde0bc000 	C:\Program Files\Java\jdk-22\bin\vcruntime140_1.dll
0x00007ffdc3a40000 - 0x00007ffdc3ace000 	C:\Program Files\Java\jdk-22\bin\msvcp140.dll
0x00007ffd6c380000 - 0x00007ffd6d0c7000 	C:\Program Files\Java\jdk-22\bin\server\jvm.dll
0x00007ffdf1f80000 - 0x00007ffdf1ff1000 	C:\WINDOWS\System32\WS2_32.dll
0x00007ffdf0220000 - 0x00007ffdf026d000 	C:\WINDOWS\SYSTEM32\POWRPROF.dll
0x00007ffdec000000 - 0x00007ffdec034000 	C:\WINDOWS\SYSTEM32\WINMM.dll
0x00007ffdf0200000 - 0x00007ffdf0213000 	C:\WINDOWS\SYSTEM32\UMPDC.dll
0x00007ffdef360000 - 0x00007ffdef378000 	C:\WINDOWS\SYSTEM32\kernel.appcore.dll
0x00007ffddc9d0000 - 0x00007ffddc9da000 	C:\Program Files\Java\jdk-22\bin\jimage.dll
0x00007ffdeb180000 - 0x00007ffdeb3b2000 	C:\WINDOWS\SYSTEM32\DBGHELP.DLL
0x00007ffdf1aa0000 - 0x00007ffdf1e28000 	C:\WINDOWS\System32\combase.dll
0x00007ffdf26a0000 - 0x00007ffdf2777000 	C:\WINDOWS\System32\OLEAUT32.dll
0x00007ffde8410000 - 0x00007ffde8442000 	C:\WINDOWS\SYSTEM32\dbgcore.DLL
0x00007ffdf08a0000 - 0x00007ffdf091b000 	C:\WINDOWS\System32\bcryptPrimitives.dll
0x00007ffddc3a0000 - 0x00007ffddc3af000 	C:\Program Files\Java\jdk-22\bin\instrument.dll
0x00007ffdd4a40000 - 0x00007ffdd4a5e000 	C:\Program Files\Java\jdk-22\bin\java.dll
0x00007ffdf2780000 - 0x00007ffdf2fdf000 	C:\WINDOWS\System32\SHELL32.dll
0x00007ffdf18f0000 - 0x00007ffdf1a95000 	C:\WINDOWS\System32\ole32.dll
0x00007ffdee260000 - 0x00007ffdeeb5c000 	C:\WINDOWS\SYSTEM32\windows.storage.dll
0x00007ffdee120000 - 0x00007ffdee25f000 	C:\WINDOWS\SYSTEM32\wintypes.dll
0x00007ffdf2580000 - 0x00007ffdf2674000 	C:\WINDOWS\System32\SHCORE.dll
0x00007ffdf1770000 - 0x00007ffdf17ce000 	C:\WINDOWS\System32\shlwapi.dll
0x00007ffdf0290000 - 0x00007ffdf02b1000 	C:\WINDOWS\SYSTEM32\profapi.dll
0x00007ffdc3960000 - 0x00007ffdc3a37000 	C:\Program Files\Java\jdk-22\bin\jsvml.dll
0x00007ffdd4910000 - 0x00007ffdd4927000 	C:\Program Files\Java\jdk-22\bin\zip.dll
0x00007ffddc470000 - 0x00007ffddc480000 	C:\Program Files\Java\jdk-22\bin\net.dll
0x00007ffdef800000 - 0x00007ffdef869000 	C:\WINDOWS\system32\mswsock.dll
0x00007ffdd4a20000 - 0x00007ffdd4a36000 	C:\Program Files\Java\jdk-22\bin\nio.dll
0x00007ffdd48f0000 - 0x00007ffdd490a000 	C:\Program Files\JetBrains\IntelliJ IDEA Community Edition 2024.1.4\bin\breakgen64.dll
0x00007ffdd7fe0000 - 0x00007ffdd7fe9000 	C:\Program Files\Java\jdk-22\bin\extnet.dll
0x00007ffdd71e0000 - 0x00007ffdd71eb000 	C:\Program Files\Java\jdk-22\bin\le.dll
0x00007ffdd72c0000 - 0x00007ffdd72ce000 	C:\Program Files\Java\jdk-22\bin\sunmscapi.dll
0x00007ffdf0920000 - 0x00007ffdf0a87000 	C:\WINDOWS\System32\CRYPT32.dll
0x00007ffdefc20000 - 0x00007ffdefc4e000 	C:\WINDOWS\SYSTEM32\ncrypt.dll
0x00007ffdefbe0000 - 0x00007ffdefc17000 	C:\WINDOWS\SYSTEM32\NTASN1.dll
0x00007ffdefa60000 - 0x00007ffdefa7b000 	C:\WINDOWS\SYSTEM32\CRYPTSP.dll
0x00007ffdef2c0000 - 0x00007ffdef2f5000 	C:\WINDOWS\system32\rsaenh.dll
0x00007ffdef900000 - 0x00007ffdef928000 	C:\WINDOWS\SYSTEM32\USERENV.dll
0x00007ffdefa80000 - 0x00007ffdefa8c000 	C:\WINDOWS\SYSTEM32\CRYPTBASE.dll
0x00007ffdeedc0000 - 0x00007ffdeeded000 	C:\WINDOWS\SYSTEM32\IPHLPAPI.DLL
0x00007ffdf12a0000 - 0x00007ffdf12a9000 	C:\WINDOWS\System32\NSI.dll
0x00007ffdd6a50000 - 0x00007ffdd6a60000 	C:\Program Files\Java\jdk-22\bin\verify.dll
0x00007ffdeee30000 - 0x00007ffdeef28000 	C:\WINDOWS\SYSTEM32\DNSAPI.dll
0x00007ffde8740000 - 0x00007ffde874a000 	C:\Windows\System32\rasadhlp.dll
0x00007ffdebd50000 - 0x00007ffdebdd3000 	C:\WINDOWS\System32\fwpuclnt.dll
0x00007ffddb010000 - 0x00007ffddb01a000 	C:\Program Files\Java\jdk-22\bin\management.dll
0x00007ffddae00000 - 0x00007ffddae0b000 	C:\Program Files\Java\jdk-22\bin\management_ext.dll
0x00007ffdf17d0000 - 0x00007ffdf17d8000 	C:\WINDOWS\System32\PSAPI.DLL

dbghelp: loaded successfully - version: 4.0.5 - missing functions: none
symbol engine: initialized successfully - sym options: 0x614 - pdb path: .;C:\Program Files\Java\jdk-22\bin;C:\WINDOWS\SYSTEM32;C:\WINDOWS\WinSxS\amd64_microsoft.windows.common-controls_6595b64144ccf1df_6.0.22621.3672_none_2713b9d173822955;C:\Program Files\Java\jdk-22\bin\server;C:\Program Files\JetBrains\IntelliJ IDEA Community Edition 2024.1.4\bin

VM Arguments:
jvm_args: -ea -Didea.test.cyclic.buffer.size=1048576 -javaagent:C:\Program Files\JetBrains\IntelliJ IDEA Community Edition 2024.1.4\lib\idea_rt.jar=64784:C:\Program Files\JetBrains\IntelliJ IDEA Community Edition 2024.1.4\bin -Dfile.encoding=UTF-8 -Dsun.stdout.encoding=UTF-8 -Dsun.stderr.encoding=UTF-8 
java_command: com.intellij.rt.junit.JUnitStarter -ideVersion5 -junit5 @w@C:\Users\huawei\AppData\Local\Temp\idea_working_dirs_junit.tmp @C:\Users\huawei\AppData\Local\Temp\idea_junit.tmp -socket64783
java_class_path (initial): C:\Users\huawei\.m2\repository\org\junit\platform\junit-platform-launcher\1.10.3\junit-platform-launcher-1.10.3.jar;C:\Program Files\JetBrains\IntelliJ IDEA Community Edition 2024.1.4\lib\idea_rt.jar;C:\Program Files\JetBrains\IntelliJ IDEA Community Edition 2024.1.4\plugins\junit\lib\junit5-rt.jar;C:\Program Files\JetBrains\IntelliJ IDEA Community Edition 2024.1.4\plugins\junit\lib\junit-rt.jar;C:\SpringBoot\spring_security\target\test-classes;C:\SpringBoot\spring_security\target\classes;C:\Users\huawei\.m2\repository\org\springframework\boot\spring-boot-starter-data-jpa\3.3.2\spring-boot-starter-data-jpa-3.3.2.jar;C:\Users\huawei\.m2\repository\org\springframework\boot\spring-boot-starter-aop\3.3.2\spring-boot-starter-aop-3.3.2.jar;C:\Users\huawei\.m2\repository\org\aspectj\aspectjweaver\1.9.22.1\aspectjweaver-1.9.22.1.jar;C:\Users\huawei\.m2\repository\org\springframework\boot\spring-boot-starter-jdbc\3.3.2\spring-boot-starter-jdbc-3.3.2.jar;C:\Users\huawei\.m2\repository\com\zaxxer\HikariCP\5.1.0\HikariCP-5.1.0.jar;C:\Users\huawei\.m2\repository\org\springframework\spring-jdbc\6.1.11\spring-jdbc-6.1.11.jar;C:\Users\huawei\.m2\repository\org\hibernate\orm\hibernate-core\6.5.2.Final\hibernate-core-6.5.2.Final.jar;C:\Users\huawei\.m2\repository\jakarta\persistence\jakarta.persistence-api\3.1.0\jakarta.persistence-api-3.1.0.jar;C:\Users\huawei\.m2\repository\jakarta\transaction\jakarta.transaction-api\2.0.1\jakarta.transaction-api-2.0.1.jar;C:\Users\huawei\.m2\repository\org\jboss\logging\jboss-logging\3.5.3.Final\jboss-logging-3.5.3.Final.jar;C:\Users\huawei\.m2\repository\org\hibernate\common\hibernate-commons-annotations\6.0.6.Final\hibernate-commons-annotations-6.0.6.Final.jar;C:\Users\huawei\.m2\repository\io\smallrye\jandex\3.1.2\jandex-3.1.2.jar;C:\Users\huawei\.m2\repository\com\fasterxml\classmate\1.7.0\classmate-1.7.0.jar;C:\Users\huawei\.m2\repository\net\bytebuddy\byte-buddy\1.14.18\byte-buddy-1.14.18.jar;C:\Users\huawei\.m2\repository\org\glassfish\jaxb\jaxb-runtime\4.0.5\jaxb-runtime-4.0.5.jar;C:\Users\huawei\.m2\repository\org\glassfish\jaxb\jaxb-core\4.0.5\jaxb-core-4.0.5.jar;C:\Users\huawei\.m2\repository\org\eclipse\angus\angus-activation\2.0.2\angus-activation-2.0.2.jar;C:\Users\huawei\.m2\repository\org\glassfish\jaxb\txw2\4.0.5\txw2-4.0.5.jar;C:\Users\huawei\.m2\repository\com\sun\istack\istack-commons-runtime\4.1.2\istack-commons-runtime-4.1.2.jar;C:\Users\huawei\.m2\repository\jakarta\inject\jakarta.inject-api\2.0.1\jakarta.inject-api-2.0.1.jar;C:\Users\huawei\.m2\repository\org\antlr\antlr4-runtime\4.13.0\antlr4-runtime-4.13.0.jar;C:\Users\huawei\.m2\repository\org\springframework\data\spring-data-jpa\3.3.2\spring-data-jpa-3.3.2.jar;C:\Users\huawei\.m2\repository\org\springframework\data\spring-data-commons\3.3.2\spring-data-commons-3.3.2.jar;C:\Users\huawei\.m2\repository\org\springframework\spring-orm\6.1.11\spring-orm-6.1.11.jar;C:\Users\huawei\.m2\repository\org\springframework\spring-context\6.1.11\spring-context-6.1.11.jar;C:\Users\huawei\.m2\repository\org\springframework\spring-tx\6.1.11\spring-tx-6.1.11.jar;C:\Users\huawei\.m2\repository\org\springframework\spring-beans\6.1.11\spring-beans-6.1.11.jar;C:\Users\huawei\.m2\repository\jakarta\annotation\jakarta.annotation-api\2.1.1\jakarta.annotation-api-2.1.1.jar;C:\Users\huawei\.m2\repository\org\slf4j\slf4j-api\2.0.13\slf4j-api-2.0.13.jar;C:\Users\huawei\.m2\repository\org\springframework\spring-aspects\6.1.11\spring-aspects-6.1.11.jar;C:\Users\huawei\.m2\repository\org\springframework\boot\spring-boot-starter-security\3.3.2\spring-boot-starter-security-3.3.2.jar;C:\Users\huawei\.m2\repository\org\springframework\boot\spring-boot-starter\3.3.2\spring-boot-starter-3.3.2.jar;C:\Users\huawei\.m2\repository\org\springframework\boot\spring-boot\3.3.2\spring-boot-3.3.2.jar;C:\Users\huawei\.m2\repository\org\springframework\boot\spring-boot-autoconfigure\3.3.2\spring-boot-autoconfigure-3.3.2.jar;C:\Users\huawei\.m2\repository\org\springframework\boot\spring-boot-starter-logging\3.3.2\spring-boot-starter-logging-3.3.2.jar;C:\Users\huawei\.m2\repository\ch\qos\logback\logback-classic\1.5.6\logback-classic-1.5.6.jar;C:\Users\huawei\.m2\repository\ch\qos\logback\logback-core\1.5.6\logback-core-1.5.6.jar;C:\Users\huawei\.m2\repository\org\apache\logging\log4j\log4j-to-slf4j\2.23.1\log4j-to-slf4j-2.23.1.jar;C:\Users\huawei\.m2\repository\org\apache\logging\log4j\log4j-api\2.23.1\log4j-api-2.23.1.jar;C:\Users\huawei\.m2\repository\org\slf4j\jul-to-slf4j\2.0.13\jul-to-slf4j-2.0.13.jar;C:\Users\huawei\.m2\repository\org\yaml\snakeyaml\2.2\snakeyaml-2.2.jar;C:\Users\huawei\.m2\repository\org\springframework\spring-aop\6.1.11\spring-aop-6.1.11.jar;C:\Users\huawei\.m2\repository\org\springframework\security\spring-security-config\6.3.1\spring-security-config-6.3.1.jar;C:\Users\huawei\.m2\repository\org\springframework\security\spring-security-web\6.3.1\spring-security-web-6.3.1.jar;C:\Users\huawei\.m2\repository\org\springframework\spring-expression\6.1.11\spring-expression-6.1.11.jar;C:\Users\huawei\.m2\repository\org\springframework\boot\spring-boot-starter-web\3.3.2\spring-boot-starter-web-3.3.2.jar;C:\Users\huawei\.m2\repository\org\springframework\boot\spring-boot-starter-json\3.3.2\spring-boot-starter-json-3.3.2.jar;C:\Users\huawei\.m2\repository\com\fasterxml\jackson\core\jackson-databind\2.17.2\jackson-databind-2.17.2.jar;C:\Users\huawei\.m2\repository\com\fasterxml\jackson\core\jackson-annotations\2.17.2\jackson-annotations-2.17.2.jar;C:\Users\huawei\.m2\repository\com\fasterxml\jackson\core\jackson-core\2.17.2\jackson-core-2.17.2.jar;C:\Users\huawei\.m2\repository\com\fasterxml\jackson\datatype\jackson-datatype-jdk8\2.17.2\jackson-datatype-jdk8-2.17.2.jar;C:\Users\huawei\.m2\repository\com\fasterxml\jackson\datatype\jackson-datatype-jsr310\2.17.2\jackson-datatype-jsr310-2.17.2.jar;C:\Users\huawei\.m2\repository\com\fasterxml\jackson\module\jackson-module-parameter-names\2.17.2\jackson-module-parameter-names-2.17.2.jar;C:\Users\huawei\.m2\repository\org\springframework\boot\spring-boot-starter-tomcat\3.3.2\spring-boot-starter-tomcat-3.3.2.jar;C:\Users\huawei\.m2\repository\org\apache\tomcat\embed\tomcat-embed-core\10.1.26\tomcat-embed-core-10.1.26.jar;C:\Users\huawei\.m2\repository\org\apache\tomcat\embed\tomcat-embed-el\10.1.26\tomcat-embed-el-10.1.26.jar;C:\Users\huawei\.m2\repository\org\apache\tomcat\embed\tomcat-embed-websocket\10.1.26\tomcat-embed-websocket-10.1.26.jar;C:\Users\huawei\.m2\repository\org\springframework\spring-web\6.1.11\spring-web-6.1.11.jar;C:\Users\huawei\.m2\repository\io\micrometer\micrometer-observation\1.13.2\micrometer-observation-1.13.2.jar;C:\Users\huawei\.m2\repository\io\micrometer\micrometer-commons\1.13.2\micrometer-commons-1.13.2.jar;C:\Users\huawei\.m2\repository\org\springframework\spring-webmvc\6.1.11\spring-webmvc-6.1.11.jar;C:\Users\huawei\.m2\repository\com\mysql\mysql-connector-j\8.3.0\mysql-connector-j-8.3.0.jar;C:\Users\huawei\.m2\repository\org\projectlombok\lombok\1.18.34\lombok-1.18.34.jar;C:\Users\huawei\.m2\repository\org\springframework\boot\spring-boot-starter-test\3.3.2\spring-boot-starter-test-3.3.2.jar;C:\Users\huawei\.m2\repository\org\springframework\boot\spring-boot-test\3.3.2\spring-boot-test-3.3.2.jar;C:\Users\huawei\.m2\repository\org\springframework\boot\spring-boot-test-autoconfigure\3.3.2\spring-boot-test-autoconfigure-3.3.2.jar;C:\Users\huawei\.m2\repository\com\jayway\jsonpath\json-path\2.9.0\json-path-2.9.0.jar;C:\Users\huawei\.m2\repository\jakarta\xml\bind\jakarta.xml.bind-api\4.0.2\jakarta.xml.bind-api-4.0.2.jar;C:\Users\huawei\.m2\repository\jakarta\activation\jakarta.activation-api\2.1.3\jakarta.activation-api-2.1.3.jar;C:\Users\huawei\.m2\repository\net\minidev\json-smart\2.5.1\json-smart-2.5.1.jar;C:\Users\huawei\.m2\repository\net\minidev\accessors-smart\2.5.1\accessors-smart-2.5.1.jar;C:\Users\huawei\.m2\repository\org\ow2\asm\asm\9.6\asm-9.6.jar;C:\Users\huawei\.m2\repository\org\assertj\assertj-core\3.25.3\assertj-core-3.25.3.jar;C:\Users\huawei\.m2\repository\org\awaitility\awaitility\4.2.1\awaitility-4.2.1.jar;C:\Users\huawei\.m2\repository\org\hamcrest\hamcrest\2.2\hamcrest-2.2.jar;C:\Users\huawei\.m2\repository\org\junit\jupiter\junit-jupiter\5.10.3\junit-jupiter-5.10.3.jar;C:\Users\huawei\.m2\repository\org\junit\jupiter\junit-jupiter-api\5.10.3\junit-jupiter-api-5.10.3.jar;C:\Users\huawei\.m2\repository\org\opentest4j\opentest4j\1.3.0\opentest4j-1.3.0.jar;C:\Users\huawei\.m2\repository\org\junit\platform\junit-platform-commons\1.10.3\junit-platform-commons-1.10.3.jar;C:\Users\huawei\.m2\repository\org\apiguardian\apiguardian-api\1.1.2\apiguardian-api-1.1.2.jar;C:\Users\huawei\.m2\repository\org\junit\jupiter\junit-jupiter-params\5.10.3\junit-jupiter-params-5.10.3.jar;C:\Users\huawei\.m2\repository\org\junit\jupiter\junit-jupiter-engine\5.10.3\junit-jupiter-engine-5.10.3.jar;C:\Users\huawei\.m2\repository\org\junit\platform\junit-platform-engine\1.10.3\junit-platform-engine-1.10.3.jar;C:\Users\huawei\.m2\repository\org\mockito\mockito-core\5.11.0\mockito-core-5.11.0.jar;C:\Users\huawei\.m2\repository\net\bytebuddy\byte-buddy-agent\1.14.18\byte-buddy-agent-1.14.18.jar;C:\Users\huawei\.m2\repository\org\objenesis\objenesis\3.3\objenesis-3.3.jar;C:\Users\huawei\.m2\repository\org\mockito\mockito-junit-jupiter\5.11.0\mockito-junit-jupiter-5.11.0.jar;C:\Users\huawei\.m2\repository\org\skyscreamer\jsonassert\1.5.3\jsonassert-1.5.3.jar;C:\Users\huawei\.m2\repository\com\vaadin\external\google\android-json\0.0.20131108.vaadin1\android-json-0.0.20131108.vaadin1.jar;C:\Users\huawei\.m2\repository\org\springframework\spring-core\6.1.11\spring-core-6.1.11.jar;C:\Users\huawei\.m2\repository\org\springframework\spring-jcl\6.1.11\spring-jcl-6.1.11.jar;C:\Users\huawei\.m2\repository\org\springframework\spring-test\6.1.11\spring-test-6.1.11.jar;C:\Users\huawei\.m2\repository\org\xmlunit\xmlunit-core\2.9.1\xmlunit-core-2.9.1.jar;C:\Users\huawei\.m2\repository\org\springframework\security\spring-security-test\6.3.1\spring-security-test-6.3.1.jar;C:\Users\huawei\.m2\repository\org\springframework\security\spring-security-core\6.3.1\spring-security-core-6.3.1.jar;C:\Users\huawei\.m2\repository\org\springframework\security\spring-security-crypto\6.3.1\spring-security-crypto-6.3.1.jar
Launcher Type: SUN_STANDARD

[Global flags]
     intx CICompilerCount                          = 4                                         {product} {ergonomic}
     uint ConcGCThreads                            = 2                                         {product} {ergonomic}
     uint G1ConcRefinementThreads                  = 8                                         {product} {ergonomic}
   size_t G1HeapRegionSize                         = 1048576                                   {product} {ergonomic}
   size_t InitialHeapSize                          = 117440512                                 {product} {ergonomic}
   size_t MarkStackSize                            = 4194304                                   {product} {ergonomic}
   size_t MaxHeapSize                              = 1862270976                                {product} {ergonomic}
   size_t MaxNewSize                               = 1116733440                                {product} {ergonomic}
   size_t MinHeapDeltaBytes                        = 1048576                                   {product} {ergonomic}
   size_t MinHeapSize                              = 8388608                                   {product} {ergonomic}
    uintx NonNMethodCodeHeapSize                   = 5839372                                {pd product} {ergonomic}
    uintx NonProfiledCodeHeapSize                  = 122909434                              {pd product} {ergonomic}
    uintx ProfiledCodeHeapSize                     = 122909434                              {pd product} {ergonomic}
    uintx ReservedCodeCacheSize                    = 251658240                              {pd product} {ergonomic}
     bool SegmentedCodeCache                       = true                                      {product} {ergonomic}
   size_t SoftMaxHeapSize                          = 1862270976                             {manageable} {ergonomic}
     bool UseCompressedOops                        = true                           {product lp64_product} {ergonomic}
     bool UseG1GC                                  = true                                      {product} {ergonomic}
     bool UseLargePagesIndividualAllocation        = false                                  {pd product} {ergonomic}

Logging:
Log output configuration:
 #0: stdout all=warning uptime,level,tags foldmultilines=false
 #1: stderr all=off uptime,level,tags foldmultilines=false

Environment Variables:
PATH=C:\Program Files\Common Files\Oracle\Java\javapath;C:\Program Files (x86)\Common Files\Oracle\Java\java8path;C:\Program Files (x86)\Common Files\Oracle\Java\javapath;C:\Program Files\Python312\Scripts\;C:\Program Files\Python312\;C:\Program Files (x86)\VMware\VMware Workstation\bin\;C:\WINDOWS\system32;C:\WINDOWS;C:\WINDOWS\System32\Wbem;C:\WINDOWS\System32\WindowsPowerShell\v1.0\;C:\WINDOWS\System32\OpenSSH\;C:\MinGW\bin;C:\Program Files\Git\cmd;C:\Program Files\MySQL\MySQL Server 8.0\bin;C:\ProgramData\ComposerSetup\bin;C:\Program Files\Docker\Docker\resources\bin;C:\Program Files\nodejs\;C:\Program Files\Java\jdk-22\bin;C:\Program Files\Python312\Scripts;C:\php-8.2.19;C:\Users\huawei\Downloads\apache-maven-3.9.8\bin;C:\Users\huawei\AppData\Local\Programs\Python\Launcher\;C:\Program Files\MySQL\MySQL Shell 8.0\bin\;C:\Users\huawei\AppData\Local\Microsoft\WindowsApps;C:\Users\huawei\AppData\Local\GitHubDesktop\bin;C:\Users\huawei\AppData\Local\Programs\Microsoft VS Code\bin;C:\Users\huawei\AppData\Roaming\Composer\vendor\bin;C:\Users\huawei\AppData\Roaming\npm
USERNAME=huawei
OS=Windows_NT
PROCESSOR_IDENTIFIER=AMD64 Family 23 Model 24 Stepping 1, AuthenticAMD
TMP=C:\Users\huawei\AppData\Local\Temp
TEMP=C:\Users\huawei\AppData\Local\Temp




Periodic native trim disabled

---------------  S Y S T E M  ---------------

OS:
 Windows 11 , 64 bit Build 22621 (10.0.22621.3672)
OS uptime: 12 days 20:40 hours
Hyper-V role detected

CPU: total 8 (initial active 8) (8 cores per cpu, 2 threads per core) family 23 model 24 stepping 1 microcode 0x0, cx8, cmov, fxsr, ht, mmx, 3dnowpref, sse, sse2, sse3, ssse3, sse4a, sse4.1, sse4.2, popcnt, lzcnt, tsc, tscinvbit, avx, avx2, aes, clmul, bmi1, bmi2, adx, sha, fma, vzeroupper, clflush, clflushopt, hv, rdtscp, f16c
Processor Information for all 8 processors :
  Max Mhz: 2100, Current Mhz: 2100, Mhz Limit: 2100

Memory: 4k page, system-wide physical 7103M (340M free)
TotalPageFile size 28607M (AvailPageFile size 0M)
current process WorkingSet (physical memory assigned to process): 242M, peak: 249M
current process commit charge ("private bytes"): 284M, peak: 295M

vm_info: Java HotSpot(TM) 64-Bit Server VM (22.0.1+8-16) for windows-amd64 JRE (22.0.1+8-16), built on 2024-03-12T10:33:16Z by "mach5one" with MS VC++ 17.6 (VS2022)

END.
